2018-07-03 01:55:08 [14.130.112.18][-][-][warning][yii\debug\Module::checkAccess] Access to debugger is denied due to IP address restriction. The requesting IP address is 14.130.112.18
    in /data/rent/views/layouts/main.php:78
    in /data/rent/controllers/SiteController.php:64
2018-07-03 01:55:08 [14.130.112.18][-][-][warning][yii\debug\Module::checkAccess] Access to debugger is denied due to IP address restriction. The requesting IP address is 14.130.112.18
2018-07-03 01:55:08 [14.130.112.18][-][-][info][application] $_GET = []

$_POST = []

$_FILES = []

$_COOKIE = [
    '_identity' => 'e93bb0d29f963039389d801557109c7a7747b05ba49df1ce2597a35e54763ec3a:2:{i:0;s:9:\"_identity\";i:1;s:46:\"[2,\"KmgBwTXMVLaalBgsZ0t8XApATqFldzvN\",2592000]\";}'
    'pmaCookieVer' => '5'
    'pma_lang' => 'zh_CN'
    'pma_collation_connection' => 'utf8mb4_unicode_ci'
    'PHPSESSID' => '74lf4e67ascm0qtar4clj28eas'
    'pma_console_height' => '92'
    'pma_console_config' => '{\"alwaysExpand\":false,\"startHistory\":false,\"currentQuery\":true,\"enterExecutes\":false,\"darkTheme\":false}'
    'pma_console_mode' => 'collapse'
    'XSRF-TOKEN' => 'eyJpdiI6ImcrcFZGaUZ6YkdcL3lNRFR3VWNEa213PT0iLCJ2YWx1ZSI6IjdmNGdDbVY5bURLMTk3djRJWTNVdXpTR1NOWTNEcGdWSUpwWldIVk5WMGNFMVd5TlBNZ25GdTJFT2NwckFyOFNvU2VwckRIaDQ1bGNVait5ODM2MnpBPT0iLCJtYWMiOiIwOWQ4ZjYyZDE2MWMwNDJiYWQ0MmNhNTU3MmE0NWFmMjZjNmQ2YjUyZDYwN2RmOWUyZDI2ZWMwZWE1MmJhMzUxIn0='
    'laravel_session' => 'eyJpdiI6IkFSUTZIYnVuRzQ4K1d2bFYwV2E1K2c9PSIsInZhbHVlIjoiSVdKVnFcL0MzYXRWTW16R2l5blZZNE5rdEdXVEo1ZWVqOW5YTDJOK2FkTHdBM25aSVF0TXo4MTNER2hqMDJtUFNIK0dtTTdGUEJqZGI5Sk1PbG1IQmtRPT0iLCJtYWMiOiJkODBjOWEzMDU1MjRiNmIwMGNhYThiYzk5MmVhMTZkMDFjYmQ1ODRjZDJkYjMwNWE1MTQyY2E5MTQ0MzY0MTBhIn0='
    'pmaUser-1' => '{\"iv\":\"5SgfejpANH98R2jA827dsQ==\",\"mac\":\"b84a43447859515d2d0f7e17cd715fbf819e5563\",\"payload\":\"B4xq6cVh+XOB3RqpI34K1A==\"}'
    'phpMyAdmin' => 'o1j5e5o3qhj8l93vji3ormr5t0'
]

$_SESSION = [
    '__flash' => []
]

$_SERVER = [
    'USER' => 'www'
    'HOME' => '/home/www'
    'HTTP_COOKIE' => '_identity=e93bb0d29f963039389d801557109c7a7747b05ba49df1ce2597a35e54763ec3a%3A2%3A%7Bi%3A0%3Bs%3A9%3A%22_identity%22%3Bi%3A1%3Bs%3A46%3A%22%5B2%2C%22KmgBwTXMVLaalBgsZ0t8XApATqFldzvN%22%2C2592000%5D%22%3B%7D; pmaCookieVer=5; pma_lang=zh_CN; pma_collation_connection=utf8mb4_unicode_ci; PHPSESSID=74lf4e67ascm0qtar4clj28eas; pma_console_height=92; pma_console_config=%7B%22alwaysExpand%22%3Afalse%2C%22startHistory%22%3Afalse%2C%22currentQuery%22%3Atrue%2C%22enterExecutes%22%3Afalse%2C%22darkTheme%22%3Afalse%7D; pma_console_mode=collapse; XSRF-TOKEN=eyJpdiI6ImcrcFZGaUZ6YkdcL3lNRFR3VWNEa213PT0iLCJ2YWx1ZSI6IjdmNGdDbVY5bURLMTk3djRJWTNVdXpTR1NOWTNEcGdWSUpwWldIVk5WMGNFMVd5TlBNZ25GdTJFT2NwckFyOFNvU2VwckRIaDQ1bGNVait5ODM2MnpBPT0iLCJtYWMiOiIwOWQ4ZjYyZDE2MWMwNDJiYWQ0MmNhNTU3MmE0NWFmMjZjNmQ2YjUyZDYwN2RmOWUyZDI2ZWMwZWE1MmJhMzUxIn0%3D; laravel_session=eyJpdiI6IkFSUTZIYnVuRzQ4K1d2bFYwV2E1K2c9PSIsInZhbHVlIjoiSVdKVnFcL0MzYXRWTW16R2l5blZZNE5rdEdXVEo1ZWVqOW5YTDJOK2FkTHdBM25aSVF0TXo4MTNER2hqMDJtUFNIK0dtTTdGUEJqZGI5Sk1PbG1IQmtRPT0iLCJtYWMiOiJkODBjOWEzMDU1MjRiNmIwMGNhYThiYzk5MmVhMTZkMDFjYmQ1ODRjZDJkYjMwNWE1MTQyY2E5MTQ0MzY0MTBhIn0%3D; pmaUser-1=%7B%22iv%22%3A%225SgfejpANH98R2jA827dsQ%3D%3D%22%2C%22mac%22%3A%22b84a43447859515d2d0f7e17cd715fbf819e5563%22%2C%22payload%22%3A%22B4xq6cVh%2BXOB3RqpI34K1A%3D%3D%22%7D; phpMyAdmin=o1j5e5o3qhj8l93vji3ormr5t0'
    'HTTP_ACCEPT_LANGUAGE' => 'zh-CN,zh;q=0.9,en;q=0.8'
    'HTTP_ACCEPT_ENCODING' => 'gzip, deflate'
    'HTTP_ACCEPT' => 'text/html,application/xhtml+xml,application/xml;q=0.9,image/webp,image/apng,*/*;q=0.8'
    'HTTP_USER_AGENT' => 'Mozilla/5.0 (Windows NT 10.0; Win64; x64) AppleWebKit/537.36 (KHTML, like Gecko) Chrome/67.0.3396.79 Safari/537.36'
    'HTTP_UPGRADE_INSECURE_REQUESTS' => '1'
    'HTTP_CACHE_CONTROL' => 'max-age=0'
    'HTTP_CONNECTION' => 'keep-alive'
    'HTTP_HOST' => '120.79.212.63:8093'
    'REDIRECT_STATUS' => '200'
    'SERVER_NAME' => '127.0.0.1'
    'SERVER_PORT' => '8093'
    'SERVER_ADDR' => '172.18.14.235'
    'REMOTE_PORT' => '56734'
    'REMOTE_ADDR' => '14.130.112.18'
    'SERVER_SOFTWARE' => 'nginx/1.13.5'
    'GATEWAY_INTERFACE' => 'CGI/1.1'
    'REQUEST_SCHEME' => 'http'
    'SERVER_PROTOCOL' => 'HTTP/1.1'
    'DOCUMENT_ROOT' => '/data/rent/web'
    'DOCUMENT_URI' => '/index.php'
    'REQUEST_URI' => '/'
    'SCRIPT_NAME' => '/index.php'
    'CONTENT_LENGTH' => ''
    'CONTENT_TYPE' => ''
    'REQUEST_METHOD' => 'GET'
    'QUERY_STRING' => ''
    'SCRIPT_FILENAME' => '/data/rent/web/index.php'
    'FCGI_ROLE' => 'RESPONDER'
    'PHP_SELF' => '/index.php'
    'REQUEST_TIME_FLOAT' => 1530582908.4306
    'REQUEST_TIME' => 1530582908
]
2018-07-03 02:02:55 [106.120.160.114][-][-][warning][yii\debug\Module::checkAccess] Access to debugger is denied due to IP address restriction. The requesting IP address is 106.120.160.114
    in /data/rent/views/layouts/main.php:78
    in /data/rent/controllers/SiteController.php:64
2018-07-03 02:02:55 [106.120.160.114][-][-][warning][yii\debug\Module::checkAccess] Access to debugger is denied due to IP address restriction. The requesting IP address is 106.120.160.114
2018-07-03 02:02:54 [106.120.160.114][-][-][info][application] $_GET = []

$_POST = []

$_FILES = []

$_COOKIE = []

$_SESSION = [
    '__flash' => []
]

$_SERVER = [
    'USER' => 'www'
    'HOME' => '/home/www'
    'HTTP_USER_AGENT' => 'Mozilla/4.0 (compatible; MSIE 8.0; Windows NT 6.1; Trident/4.0; SLCC2; .NET CLR 2.0.50727; .NET CLR 3.5.30729; .NET CLR 3.0.30729; Media Center PC 6.0; Tablet PC 2.0)'
    'HTTP_CONNECTION' => 'close'
    'HTTP_ACCEPT_LANGUAGE' => 'zh-CN,zh;q=0.8'
    'HTTP_HOST' => '120.79.212.63'
    'HTTP_REFERER' => 'http://120.79.212.63:8093'
    'HTTP_ACCEPT_ENCODING' => 'identity'
    'REDIRECT_STATUS' => '200'
    'SERVER_NAME' => '127.0.0.1'
    'SERVER_PORT' => '8093'
    'SERVER_ADDR' => '172.18.14.235'
    'REMOTE_PORT' => '37818'
    'REMOTE_ADDR' => '106.120.160.114'
    'SERVER_SOFTWARE' => 'nginx/1.13.5'
    'GATEWAY_INTERFACE' => 'CGI/1.1'
    'REQUEST_SCHEME' => 'http'
    'SERVER_PROTOCOL' => 'HTTP/1.1'
    'DOCUMENT_ROOT' => '/data/rent/web'
    'DOCUMENT_URI' => '/index.php'
    'REQUEST_URI' => '/'
    'SCRIPT_NAME' => '/index.php'
    'CONTENT_LENGTH' => ''
    'CONTENT_TYPE' => ''
    'REQUEST_METHOD' => 'GET'
    'QUERY_STRING' => ''
    'SCRIPT_FILENAME' => '/data/rent/web/index.php'
    'FCGI_ROLE' => 'RESPONDER'
    'PHP_SELF' => '/index.php'
    'REQUEST_TIME_FLOAT' => 1530583374.9662
    'REQUEST_TIME' => 1530583374
]
2018-07-03 02:13:42 [101.199.110.112][-][-][warning][yii\debug\Module::checkAccess] Access to debugger is denied due to IP address restriction. The requesting IP address is 101.199.110.112
    in /data/rent/views/layouts/main.php:78
    in /data/rent/controllers/SiteController.php:64
2018-07-03 02:13:42 [101.199.110.112][-][-][warning][yii\debug\Module::checkAccess] Access to debugger is denied due to IP address restriction. The requesting IP address is 101.199.110.112
2018-07-03 02:13:42 [101.199.110.112][-][-][info][application] $_GET = []

$_POST = []

$_FILES = []

$_COOKIE = []

$_SESSION = [
    '__flash' => []
]

$_SERVER = [
    'USER' => 'www'
    'HOME' => '/home/www'
    'HTTP_ACCEPT_CHARSET' => 'iso-8859-1,*,utf-8'
    'HTTP_ACCEPT_ENCODING' => 'gzip,deflate'
    'HTTP_ACCEPT' => 'text/html,application/xhtml+xml,application/xml;q=0.9,*/*;q=0.8'
    'HTTP_USER_AGENT' => 'Mozilla/5.0 (Windows NT 6.1) AppleWebKit/537.36 (KHTML, like Gecko) Chrome/36.0.1985.125 Safari/537.36'
    'HTTP_ACCEPT_LANGUAGE' => 'zh-CN,zh;q=0.8'
    'HTTP_CONNECTION' => 'keep-alive'
    'HTTP_HOST' => '120.79.212.63:8093'
    'REDIRECT_STATUS' => '200'
    'SERVER_NAME' => '127.0.0.1'
    'SERVER_PORT' => '8093'
    'SERVER_ADDR' => '172.18.14.235'
    'REMOTE_PORT' => '49652'
    'REMOTE_ADDR' => '101.199.110.112'
    'SERVER_SOFTWARE' => 'nginx/1.13.5'
    'GATEWAY_INTERFACE' => 'CGI/1.1'
    'REQUEST_SCHEME' => 'http'
    'SERVER_PROTOCOL' => 'HTTP/1.1'
    'DOCUMENT_ROOT' => '/data/rent/web'
    'DOCUMENT_URI' => '/index.php'
    'REQUEST_URI' => '/'
    'SCRIPT_NAME' => '/index.php'
    'CONTENT_LENGTH' => ''
    'CONTENT_TYPE' => ''
    'REQUEST_METHOD' => 'GET'
    'QUERY_STRING' => ''
    'SCRIPT_FILENAME' => '/data/rent/web/index.php'
    'FCGI_ROLE' => 'RESPONDER'
    'PHP_SELF' => '/index.php'
    'REQUEST_TIME_FLOAT' => 1530584022.7083
    'REQUEST_TIME' => 1530584022
]
2018-07-03 06:43:12 [14.130.112.18][-][-][warning][yii\debug\Module::checkAccess] Access to debugger is denied due to IP address restriction. The requesting IP address is 14.130.112.18
    in /data/rent/views/layouts/main.php:78
    in /data/rent/controllers/SiteController.php:64
2018-07-03 06:43:12 [14.130.112.18][-][-][warning][yii\debug\Module::checkAccess] Access to debugger is denied due to IP address restriction. The requesting IP address is 14.130.112.18
2018-07-03 06:43:12 [14.130.112.18][-][-][info][application] $_GET = []

$_POST = []

$_FILES = []

$_COOKIE = [
    '_identity' => 'e93bb0d29f963039389d801557109c7a7747b05ba49df1ce2597a35e54763ec3a:2:{i:0;s:9:\"_identity\";i:1;s:46:\"[2,\"KmgBwTXMVLaalBgsZ0t8XApATqFldzvN\",2592000]\";}'
    'pmaCookieVer' => '5'
    'pma_lang' => 'zh_CN'
    'pma_collation_connection' => 'utf8mb4_unicode_ci'
    'PHPSESSID' => '74lf4e67ascm0qtar4clj28eas'
    'pma_console_height' => '92'
    'pma_console_config' => '{\"alwaysExpand\":false,\"startHistory\":false,\"currentQuery\":true,\"enterExecutes\":false,\"darkTheme\":false}'
    'pma_console_mode' => 'collapse'
    '_csrf' => '4ce1fb4f46289661ed08c346fa43db8cfa190bdcfad48a3c8432ce1455e0c681a:2:{i:0;s:5:\"_csrf\";i:1;s:32:\"iYg6k-lXACMkYPSO7UgQdq2zIWsHppiK\";}'
    'phpMyAdmin' => 'uv562u62dp28kglf1res2ki4ae'
    'pmaUser-1' => '{\"iv\":\"5E1chzhBFjq3YS2Mg\\/51uQ==\",\"mac\":\"cbaa6b374317e6b813dc942fbd466ea6b4409002\",\"payload\":\"IEuLx41tO3wUwnVHCpmK7w==\"}'
    'pmaAuth-1' => '{\"iv\":\"Ib2V5lik6xC6SoTiPfsosw==\",\"mac\":\"70602ee722fe9130380ac2a436d1d49418c315f6\",\"payload\":\"slvHB7HA8iczzj03WsufObIyt1FbYQtE3MXRXSHzkRA=\"}'
]

$_SESSION = [
    '__flash' => []
]

$_SERVER = [
    'USER' => 'www'
    'HOME' => '/home/www'
    'HTTP_COOKIE' => '_identity=e93bb0d29f963039389d801557109c7a7747b05ba49df1ce2597a35e54763ec3a%3A2%3A%7Bi%3A0%3Bs%3A9%3A%22_identity%22%3Bi%3A1%3Bs%3A46%3A%22%5B2%2C%22KmgBwTXMVLaalBgsZ0t8XApATqFldzvN%22%2C2592000%5D%22%3B%7D; pmaCookieVer=5; pma_lang=zh_CN; pma_collation_connection=utf8mb4_unicode_ci; PHPSESSID=74lf4e67ascm0qtar4clj28eas; pma_console_height=92; pma_console_config=%7B%22alwaysExpand%22%3Afalse%2C%22startHistory%22%3Afalse%2C%22currentQuery%22%3Atrue%2C%22enterExecutes%22%3Afalse%2C%22darkTheme%22%3Afalse%7D; pma_console_mode=collapse; _csrf=4ce1fb4f46289661ed08c346fa43db8cfa190bdcfad48a3c8432ce1455e0c681a%3A2%3A%7Bi%3A0%3Bs%3A5%3A%22_csrf%22%3Bi%3A1%3Bs%3A32%3A%22iYg6k-lXACMkYPSO7UgQdq2zIWsHppiK%22%3B%7D; phpMyAdmin=uv562u62dp28kglf1res2ki4ae; pmaUser-1=%7B%22iv%22%3A%225E1chzhBFjq3YS2Mg%5C%2F51uQ%3D%3D%22%2C%22mac%22%3A%22cbaa6b374317e6b813dc942fbd466ea6b4409002%22%2C%22payload%22%3A%22IEuLx41tO3wUwnVHCpmK7w%3D%3D%22%7D; pmaAuth-1=%7B%22iv%22%3A%22Ib2V5lik6xC6SoTiPfsosw%3D%3D%22%2C%22mac%22%3A%2270602ee722fe9130380ac2a436d1d49418c315f6%22%2C%22payload%22%3A%22slvHB7HA8iczzj03WsufObIyt1FbYQtE3MXRXSHzkRA%3D%22%7D'
    'HTTP_ACCEPT_LANGUAGE' => 'zh-CN,zh;q=0.9,en;q=0.8'
    'HTTP_ACCEPT_ENCODING' => 'gzip, deflate'
    'HTTP_ACCEPT' => 'text/html,application/xhtml+xml,application/xml;q=0.9,image/webp,image/apng,*/*;q=0.8'
    'HTTP_USER_AGENT' => 'Mozilla/5.0 (Windows NT 10.0; Win64; x64) AppleWebKit/537.36 (KHTML, like Gecko) Chrome/67.0.3396.79 Safari/537.36'
    'HTTP_UPGRADE_INSECURE_REQUESTS' => '1'
    'HTTP_CONNECTION' => 'keep-alive'
    'HTTP_HOST' => '120.79.212.63:8093'
    'REDIRECT_STATUS' => '200'
    'SERVER_NAME' => '127.0.0.1'
    'SERVER_PORT' => '8093'
    'SERVER_ADDR' => '172.18.14.235'
    'REMOTE_PORT' => '49511'
    'REMOTE_ADDR' => '14.130.112.18'
    'SERVER_SOFTWARE' => 'nginx/1.13.5'
    'GATEWAY_INTERFACE' => 'CGI/1.1'
    'REQUEST_SCHEME' => 'http'
    'SERVER_PROTOCOL' => 'HTTP/1.1'
    'DOCUMENT_ROOT' => '/data/rent/web'
    'DOCUMENT_URI' => '/index.php'
    'REQUEST_URI' => '/'
    'SCRIPT_NAME' => '/index.php'
    'CONTENT_LENGTH' => ''
    'CONTENT_TYPE' => ''
    'REQUEST_METHOD' => 'GET'
    'QUERY_STRING' => ''
    'SCRIPT_FILENAME' => '/data/rent/web/index.php'
    'FCGI_ROLE' => 'RESPONDER'
    'PHP_SELF' => '/index.php'
    'REQUEST_TIME_FLOAT' => 1530600192.5916
    'REQUEST_TIME' => 1530600192
]
2018-07-03 06:43:18 [14.130.112.18][-][-][warning][yii\debug\Module::checkAccess] Access to debugger is denied due to IP address restriction. The requesting IP address is 14.130.112.18
    in /data/rent/views/layouts/main.php:78
    in /data/rent/controllers/SiteController.php:64
2018-07-03 06:43:18 [14.130.112.18][-][-][warning][yii\debug\Module::checkAccess] Access to debugger is denied due to IP address restriction. The requesting IP address is 14.130.112.18
2018-07-03 06:43:18 [14.130.112.18][-][-][info][application] $_GET = []

$_POST = []

$_FILES = []

$_COOKIE = []

$_SESSION = [
    '__flash' => []
]

$_SERVER = [
    'USER' => 'www'
    'HOME' => '/home/www'
    'HTTP_UPGRADE_INSECURE_REQUESTS' => '1'
    'HTTP_CONNECTION' => 'keep-alive'
    'HTTP_ACCEPT_ENCODING' => 'gzip, deflate'
    'HTTP_ACCEPT_LANGUAGE' => 'zh-CN,zh;q=0.8,zh-TW;q=0.7,zh-HK;q=0.5,en-US;q=0.3,en;q=0.2'
    'HTTP_ACCEPT' => 'text/html,application/xhtml+xml,application/xml;q=0.9,*/*;q=0.8'
    'HTTP_USER_AGENT' => 'Mozilla/5.0 (Windows NT 10.0; WOW64; rv:60.0) Gecko/20100101 Firefox/60.0'
    'HTTP_HOST' => '120.79.212.63:8093'
    'REDIRECT_STATUS' => '200'
    'SERVER_NAME' => '127.0.0.1'
    'SERVER_PORT' => '8093'
    'SERVER_ADDR' => '172.18.14.235'
    'REMOTE_PORT' => '49538'
    'REMOTE_ADDR' => '14.130.112.18'
    'SERVER_SOFTWARE' => 'nginx/1.13.5'
    'GATEWAY_INTERFACE' => 'CGI/1.1'
    'REQUEST_SCHEME' => 'http'
    'SERVER_PROTOCOL' => 'HTTP/1.1'
    'DOCUMENT_ROOT' => '/data/rent/web'
    'DOCUMENT_URI' => '/index.php'
    'REQUEST_URI' => '/'
    'SCRIPT_NAME' => '/index.php'
    'CONTENT_LENGTH' => ''
    'CONTENT_TYPE' => ''
    'REQUEST_METHOD' => 'GET'
    'QUERY_STRING' => ''
    'SCRIPT_FILENAME' => '/data/rent/web/index.php'
    'FCGI_ROLE' => 'RESPONDER'
    'PHP_SELF' => '/index.php'
    'REQUEST_TIME_FLOAT' => 1530600198.8875
    'REQUEST_TIME' => 1530600198
]
2018-07-03 06:43:23 [14.130.112.18][-][-][warning][yii\debug\Module::checkAccess] Access to debugger is denied due to IP address restriction. The requesting IP address is 14.130.112.18
    in /data/rent/views/layouts/main.php:78
    in /data/rent/controllers/SiteController.php:64
2018-07-03 06:43:23 [14.130.112.18][-][-][warning][yii\debug\Module::checkAccess] Access to debugger is denied due to IP address restriction. The requesting IP address is 14.130.112.18
2018-07-03 06:43:23 [14.130.112.18][-][-][info][application] $_GET = []

$_POST = []

$_FILES = []

$_COOKIE = [
    'PHPSESSID' => 'ek7v5jgevl0ldcb66t7ot6md0e'
    '_csrf' => '44318ea3197fa4e5787d129d0f76f421ff5a3090bb4f14235af227e9fd5a518aa:2:{i:0;s:5:\"_csrf\";i:1;s:32:\"fSCBM8SLStDDIeX5RAIxtAjYI2vUiZte\";}'
]

$_SESSION = [
    '__flash' => []
]

$_SERVER = [
    'USER' => 'www'
    'HOME' => '/home/www'
    'HTTP_UPGRADE_INSECURE_REQUESTS' => '1'
    'HTTP_CONNECTION' => 'keep-alive'
    'HTTP_COOKIE' => 'PHPSESSID=ek7v5jgevl0ldcb66t7ot6md0e; _csrf=44318ea3197fa4e5787d129d0f76f421ff5a3090bb4f14235af227e9fd5a518aa%3A2%3A%7Bi%3A0%3Bs%3A5%3A%22_csrf%22%3Bi%3A1%3Bs%3A32%3A%22fSCBM8SLStDDIeX5RAIxtAjYI2vUiZte%22%3B%7D'
    'HTTP_ACCEPT_ENCODING' => 'gzip, deflate'
    'HTTP_ACCEPT_LANGUAGE' => 'zh-CN,zh;q=0.8,zh-TW;q=0.7,zh-HK;q=0.5,en-US;q=0.3,en;q=0.2'
    'HTTP_ACCEPT' => 'text/html,application/xhtml+xml,application/xml;q=0.9,*/*;q=0.8'
    'HTTP_USER_AGENT' => 'Mozilla/5.0 (Windows NT 10.0; WOW64; rv:60.0) Gecko/20100101 Firefox/60.0'
    'HTTP_HOST' => '120.79.212.63:8093'
    'REDIRECT_STATUS' => '200'
    'SERVER_NAME' => '127.0.0.1'
    'SERVER_PORT' => '8093'
    'SERVER_ADDR' => '172.18.14.235'
    'REMOTE_PORT' => '49543'
    'REMOTE_ADDR' => '14.130.112.18'
    'SERVER_SOFTWARE' => 'nginx/1.13.5'
    'GATEWAY_INTERFACE' => 'CGI/1.1'
    'REQUEST_SCHEME' => 'http'
    'SERVER_PROTOCOL' => 'HTTP/1.1'
    'DOCUMENT_ROOT' => '/data/rent/web'
    'DOCUMENT_URI' => '/index.php'
    'REQUEST_URI' => '/admin'
    'SCRIPT_NAME' => '/index.php'
    'CONTENT_LENGTH' => ''
    'CONTENT_TYPE' => ''
    'REQUEST_METHOD' => 'GET'
    'QUERY_STRING' => ''
    'SCRIPT_FILENAME' => '/data/rent/web/index.php'
    'FCGI_ROLE' => 'RESPONDER'
    'PHP_SELF' => '/index.php'
    'REQUEST_TIME_FLOAT' => 1530600203.2948
    'REQUEST_TIME' => 1530600203
]
2018-07-03 06:43:32 [14.130.112.18][-][-][warning][yii\debug\Module::checkAccess] Access to debugger is denied due to IP address restriction. The requesting IP address is 14.130.112.18
    in /data/rent/views/layouts/main.php:78
    in /data/rent/controllers/SiteController.php:126
2018-07-03 06:43:32 [14.130.112.18][-][-][warning][yii\debug\Module::checkAccess] Access to debugger is denied due to IP address restriction. The requesting IP address is 14.130.112.18
2018-07-03 06:43:32 [14.130.112.18][-][-][info][application] $_GET = [
    'r' => 'site/about'
]

$_POST = []

$_FILES = []

$_COOKIE = [
    'PHPSESSID' => 'ek7v5jgevl0ldcb66t7ot6md0e'
    '_csrf' => '44318ea3197fa4e5787d129d0f76f421ff5a3090bb4f14235af227e9fd5a518aa:2:{i:0;s:5:\"_csrf\";i:1;s:32:\"fSCBM8SLStDDIeX5RAIxtAjYI2vUiZte\";}'
]

$_SESSION = [
    '__flash' => []
]

$_SERVER = [
    'USER' => 'www'
    'HOME' => '/home/www'
    'HTTP_UPGRADE_INSECURE_REQUESTS' => '1'
    'HTTP_CONNECTION' => 'keep-alive'
    'HTTP_COOKIE' => 'PHPSESSID=ek7v5jgevl0ldcb66t7ot6md0e; _csrf=44318ea3197fa4e5787d129d0f76f421ff5a3090bb4f14235af227e9fd5a518aa%3A2%3A%7Bi%3A0%3Bs%3A5%3A%22_csrf%22%3Bi%3A1%3Bs%3A32%3A%22fSCBM8SLStDDIeX5RAIxtAjYI2vUiZte%22%3B%7D'
    'HTTP_REFERER' => 'http://120.79.212.63:8093/admin'
    'HTTP_ACCEPT_ENCODING' => 'gzip, deflate'
    'HTTP_ACCEPT_LANGUAGE' => 'zh-CN,zh;q=0.8,zh-TW;q=0.7,zh-HK;q=0.5,en-US;q=0.3,en;q=0.2'
    'HTTP_ACCEPT' => 'text/html,application/xhtml+xml,application/xml;q=0.9,*/*;q=0.8'
    'HTTP_USER_AGENT' => 'Mozilla/5.0 (Windows NT 10.0; WOW64; rv:60.0) Gecko/20100101 Firefox/60.0'
    'HTTP_HOST' => '120.79.212.63:8093'
    'REDIRECT_STATUS' => '200'
    'SERVER_NAME' => '127.0.0.1'
    'SERVER_PORT' => '8093'
    'SERVER_ADDR' => '172.18.14.235'
    'REMOTE_PORT' => '49543'
    'REMOTE_ADDR' => '14.130.112.18'
    'SERVER_SOFTWARE' => 'nginx/1.13.5'
    'GATEWAY_INTERFACE' => 'CGI/1.1'
    'REQUEST_SCHEME' => 'http'
    'SERVER_PROTOCOL' => 'HTTP/1.1'
    'DOCUMENT_ROOT' => '/data/rent/web'
    'DOCUMENT_URI' => '/index.php'
    'REQUEST_URI' => '/index.php?r=site%2Fabout'
    'SCRIPT_NAME' => '/index.php'
    'CONTENT_LENGTH' => ''
    'CONTENT_TYPE' => ''
    'REQUEST_METHOD' => 'GET'
    'QUERY_STRING' => 'r=site%2Fabout'
    'SCRIPT_FILENAME' => '/data/rent/web/index.php'
    'FCGI_ROLE' => 'RESPONDER'
    'PHP_SELF' => '/index.php'
    'REQUEST_TIME_FLOAT' => 1530600212.4032
    'REQUEST_TIME' => 1530600212
]
2018-07-03 06:43:33 [14.130.112.18][-][-][warning][yii\debug\Module::checkAccess] Access to debugger is denied due to IP address restriction. The requesting IP address is 14.130.112.18
    in /data/rent/views/layouts/main.php:78
    in /data/rent/controllers/SiteController.php:115
2018-07-03 06:43:33 [14.130.112.18][-][-][warning][yii\debug\Module::checkAccess] Access to debugger is denied due to IP address restriction. The requesting IP address is 14.130.112.18
2018-07-03 06:43:33 [14.130.112.18][-][-][info][application] $_GET = [
    'r' => 'site/contact'
]

$_POST = []

$_FILES = []

$_COOKIE = [
    'PHPSESSID' => 'ek7v5jgevl0ldcb66t7ot6md0e'
    '_csrf' => '44318ea3197fa4e5787d129d0f76f421ff5a3090bb4f14235af227e9fd5a518aa:2:{i:0;s:5:\"_csrf\";i:1;s:32:\"fSCBM8SLStDDIeX5RAIxtAjYI2vUiZte\";}'
]

$_SESSION = [
    '__flash' => []
    '__captcha/site/captcha' => 'diyuwoi'
    '__captcha/site/captchacount' => 1
]

$_SERVER = [
    'USER' => 'www'
    'HOME' => '/home/www'
    'HTTP_UPGRADE_INSECURE_REQUESTS' => '1'
    'HTTP_CONNECTION' => 'keep-alive'
    'HTTP_COOKIE' => 'PHPSESSID=ek7v5jgevl0ldcb66t7ot6md0e; _csrf=44318ea3197fa4e5787d129d0f76f421ff5a3090bb4f14235af227e9fd5a518aa%3A2%3A%7Bi%3A0%3Bs%3A5%3A%22_csrf%22%3Bi%3A1%3Bs%3A32%3A%22fSCBM8SLStDDIeX5RAIxtAjYI2vUiZte%22%3B%7D'
    'HTTP_REFERER' => 'http://120.79.212.63:8093/index.php?r=site%2Fabout'
    'HTTP_ACCEPT_ENCODING' => 'gzip, deflate'
    'HTTP_ACCEPT_LANGUAGE' => 'zh-CN,zh;q=0.8,zh-TW;q=0.7,zh-HK;q=0.5,en-US;q=0.3,en;q=0.2'
    'HTTP_ACCEPT' => 'text/html,application/xhtml+xml,application/xml;q=0.9,*/*;q=0.8'
    'HTTP_USER_AGENT' => 'Mozilla/5.0 (Windows NT 10.0; WOW64; rv:60.0) Gecko/20100101 Firefox/60.0'
    'HTTP_HOST' => '120.79.212.63:8093'
    'REDIRECT_STATUS' => '200'
    'SERVER_NAME' => '127.0.0.1'
    'SERVER_PORT' => '8093'
    'SERVER_ADDR' => '172.18.14.235'
    'REMOTE_PORT' => '49543'
    'REMOTE_ADDR' => '14.130.112.18'
    'SERVER_SOFTWARE' => 'nginx/1.13.5'
    'GATEWAY_INTERFACE' => 'CGI/1.1'
    'REQUEST_SCHEME' => 'http'
    'SERVER_PROTOCOL' => 'HTTP/1.1'
    'DOCUMENT_ROOT' => '/data/rent/web'
    'DOCUMENT_URI' => '/index.php'
    'REQUEST_URI' => '/index.php?r=site%2Fcontact'
    'SCRIPT_NAME' => '/index.php'
    'CONTENT_LENGTH' => ''
    'CONTENT_TYPE' => ''
    'REQUEST_METHOD' => 'GET'
    'QUERY_STRING' => 'r=site%2Fcontact'
    'SCRIPT_FILENAME' => '/data/rent/web/index.php'
    'FCGI_ROLE' => 'RESPONDER'
    'PHP_SELF' => '/index.php'
    'REQUEST_TIME_FLOAT' => 1530600213.2892
    'REQUEST_TIME' => 1530600213
]
2018-07-03 06:43:33 [14.130.112.18][-][-][warning][yii\debug\Module::checkAccess] Access to debugger is denied due to IP address restriction. The requesting IP address is 14.130.112.18
2018-07-03 06:43:33 [14.130.112.18][-][-][info][application] $_GET = [
    'r' => 'site/captcha'
    'v' => '5b3b1b154fddb3.71354533'
]

$_POST = []

$_FILES = []

$_COOKIE = [
    'PHPSESSID' => 'ek7v5jgevl0ldcb66t7ot6md0e'
    '_csrf' => '44318ea3197fa4e5787d129d0f76f421ff5a3090bb4f14235af227e9fd5a518aa:2:{i:0;s:5:\"_csrf\";i:1;s:32:\"fSCBM8SLStDDIeX5RAIxtAjYI2vUiZte\";}'
]

$_SESSION = [
    '__flash' => []
    '__captcha/site/captcha' => 'diyuwoi'
    '__captcha/site/captchacount' => 1
]

$_SERVER = [
    'USER' => 'www'
    'HOME' => '/home/www'
    'HTTP_CONNECTION' => 'keep-alive'
    'HTTP_COOKIE' => 'PHPSESSID=ek7v5jgevl0ldcb66t7ot6md0e; _csrf=44318ea3197fa4e5787d129d0f76f421ff5a3090bb4f14235af227e9fd5a518aa%3A2%3A%7Bi%3A0%3Bs%3A5%3A%22_csrf%22%3Bi%3A1%3Bs%3A32%3A%22fSCBM8SLStDDIeX5RAIxtAjYI2vUiZte%22%3B%7D'
    'HTTP_REFERER' => 'http://120.79.212.63:8093/index.php?r=site%2Fcontact'
    'HTTP_ACCEPT_ENCODING' => 'gzip, deflate'
    'HTTP_ACCEPT_LANGUAGE' => 'zh-CN,zh;q=0.8,zh-TW;q=0.7,zh-HK;q=0.5,en-US;q=0.3,en;q=0.2'
    'HTTP_ACCEPT' => '*/*'
    'HTTP_USER_AGENT' => 'Mozilla/5.0 (Windows NT 10.0; WOW64; rv:60.0) Gecko/20100101 Firefox/60.0'
    'HTTP_HOST' => '120.79.212.63:8093'
    'REDIRECT_STATUS' => '200'
    'SERVER_NAME' => '127.0.0.1'
    'SERVER_PORT' => '8093'
    'SERVER_ADDR' => '172.18.14.235'
    'REMOTE_PORT' => '49543'
    'REMOTE_ADDR' => '14.130.112.18'
    'SERVER_SOFTWARE' => 'nginx/1.13.5'
    'GATEWAY_INTERFACE' => 'CGI/1.1'
    'REQUEST_SCHEME' => 'http'
    'SERVER_PROTOCOL' => 'HTTP/1.1'
    'DOCUMENT_ROOT' => '/data/rent/web'
    'DOCUMENT_URI' => '/index.php'
    'REQUEST_URI' => '/index.php?r=site%2Fcaptcha&v=5b3b1b154fddb3.71354533'
    'SCRIPT_NAME' => '/index.php'
    'CONTENT_LENGTH' => ''
    'CONTENT_TYPE' => ''
    'REQUEST_METHOD' => 'GET'
    'QUERY_STRING' => 'r=site%2Fcaptcha&v=5b3b1b154fddb3.71354533'
    'SCRIPT_FILENAME' => '/data/rent/web/index.php'
    'FCGI_ROLE' => 'RESPONDER'
    'PHP_SELF' => '/index.php'
    'REQUEST_TIME_FLOAT' => 1530600213.444
    'REQUEST_TIME' => 1530600213
]
2018-07-03 06:43:34 [14.130.112.18][-][-][warning][yii\debug\Module::checkAccess] Access to debugger is denied due to IP address restriction. The requesting IP address is 14.130.112.18
    in /data/rent/views/layouts/main.php:78
    in /data/rent/controllers/SiteController.php:85
2018-07-03 06:43:34 [14.130.112.18][-][-][warning][yii\debug\Module::checkAccess] Access to debugger is denied due to IP address restriction. The requesting IP address is 14.130.112.18
2018-07-03 06:43:34 [14.130.112.18][-][-][info][application] $_GET = [
    'r' => 'site/login'
]

$_POST = []

$_FILES = []

$_COOKIE = [
    'PHPSESSID' => 'ek7v5jgevl0ldcb66t7ot6md0e'
    '_csrf' => '44318ea3197fa4e5787d129d0f76f421ff5a3090bb4f14235af227e9fd5a518aa:2:{i:0;s:5:\"_csrf\";i:1;s:32:\"fSCBM8SLStDDIeX5RAIxtAjYI2vUiZte\";}'
]

$_SESSION = [
    '__flash' => []
    '__captcha/site/captcha' => 'diyuwoi'
    '__captcha/site/captchacount' => 1
]

$_SERVER = [
    'USER' => 'www'
    'HOME' => '/home/www'
    'HTTP_UPGRADE_INSECURE_REQUESTS' => '1'
    'HTTP_CONNECTION' => 'keep-alive'
    'HTTP_COOKIE' => 'PHPSESSID=ek7v5jgevl0ldcb66t7ot6md0e; _csrf=44318ea3197fa4e5787d129d0f76f421ff5a3090bb4f14235af227e9fd5a518aa%3A2%3A%7Bi%3A0%3Bs%3A5%3A%22_csrf%22%3Bi%3A1%3Bs%3A32%3A%22fSCBM8SLStDDIeX5RAIxtAjYI2vUiZte%22%3B%7D'
    'HTTP_REFERER' => 'http://120.79.212.63:8093/index.php?r=site%2Fcontact'
    'HTTP_ACCEPT_ENCODING' => 'gzip, deflate'
    'HTTP_ACCEPT_LANGUAGE' => 'zh-CN,zh;q=0.8,zh-TW;q=0.7,zh-HK;q=0.5,en-US;q=0.3,en;q=0.2'
    'HTTP_ACCEPT' => 'text/html,application/xhtml+xml,application/xml;q=0.9,*/*;q=0.8'
    'HTTP_USER_AGENT' => 'Mozilla/5.0 (Windows NT 10.0; WOW64; rv:60.0) Gecko/20100101 Firefox/60.0'
    'HTTP_HOST' => '120.79.212.63:8093'
    'REDIRECT_STATUS' => '200'
    'SERVER_NAME' => '127.0.0.1'
    'SERVER_PORT' => '8093'
    'SERVER_ADDR' => '172.18.14.235'
    'REMOTE_PORT' => '49543'
    'REMOTE_ADDR' => '14.130.112.18'
    'SERVER_SOFTWARE' => 'nginx/1.13.5'
    'GATEWAY_INTERFACE' => 'CGI/1.1'
    'REQUEST_SCHEME' => 'http'
    'SERVER_PROTOCOL' => 'HTTP/1.1'
    'DOCUMENT_ROOT' => '/data/rent/web'
    'DOCUMENT_URI' => '/index.php'
    'REQUEST_URI' => '/index.php?r=site%2Flogin'
    'SCRIPT_NAME' => '/index.php'
    'CONTENT_LENGTH' => ''
    'CONTENT_TYPE' => ''
    'REQUEST_METHOD' => 'GET'
    'QUERY_STRING' => 'r=site%2Flogin'
    'SCRIPT_FILENAME' => '/data/rent/web/index.php'
    'FCGI_ROLE' => 'RESPONDER'
    'PHP_SELF' => '/index.php'
    'REQUEST_TIME_FLOAT' => 1530600214.1241
    'REQUEST_TIME' => 1530600214
]
2018-07-03 06:43:35 [14.130.112.18][-][-][warning][yii\debug\Module::checkAccess] Access to debugger is denied due to IP address restriction. The requesting IP address is 14.130.112.18
    in /data/rent/views/layouts/main.php:78
    in /data/rent/controllers/SiteController.php:64
2018-07-03 06:43:35 [14.130.112.18][-][-][warning][yii\debug\Module::checkAccess] Access to debugger is denied due to IP address restriction. The requesting IP address is 14.130.112.18
2018-07-03 06:43:35 [14.130.112.18][-][-][info][application] $_GET = [
    'r' => 'site/index'
]

$_POST = []

$_FILES = []

$_COOKIE = [
    'PHPSESSID' => 'ek7v5jgevl0ldcb66t7ot6md0e'
    '_csrf' => '44318ea3197fa4e5787d129d0f76f421ff5a3090bb4f14235af227e9fd5a518aa:2:{i:0;s:5:\"_csrf\";i:1;s:32:\"fSCBM8SLStDDIeX5RAIxtAjYI2vUiZte\";}'
]

$_SESSION = [
    '__flash' => []
    '__captcha/site/captcha' => 'diyuwoi'
    '__captcha/site/captchacount' => 1
]

$_SERVER = [
    'USER' => 'www'
    'HOME' => '/home/www'
    'HTTP_UPGRADE_INSECURE_REQUESTS' => '1'
    'HTTP_CONNECTION' => 'keep-alive'
    'HTTP_COOKIE' => 'PHPSESSID=ek7v5jgevl0ldcb66t7ot6md0e; _csrf=44318ea3197fa4e5787d129d0f76f421ff5a3090bb4f14235af227e9fd5a518aa%3A2%3A%7Bi%3A0%3Bs%3A5%3A%22_csrf%22%3Bi%3A1%3Bs%3A32%3A%22fSCBM8SLStDDIeX5RAIxtAjYI2vUiZte%22%3B%7D'
    'HTTP_REFERER' => 'http://120.79.212.63:8093/index.php?r=site%2Flogin'
    'HTTP_ACCEPT_ENCODING' => 'gzip, deflate'
    'HTTP_ACCEPT_LANGUAGE' => 'zh-CN,zh;q=0.8,zh-TW;q=0.7,zh-HK;q=0.5,en-US;q=0.3,en;q=0.2'
    'HTTP_ACCEPT' => 'text/html,application/xhtml+xml,application/xml;q=0.9,*/*;q=0.8'
    'HTTP_USER_AGENT' => 'Mozilla/5.0 (Windows NT 10.0; WOW64; rv:60.0) Gecko/20100101 Firefox/60.0'
    'HTTP_HOST' => '120.79.212.63:8093'
    'REDIRECT_STATUS' => '200'
    'SERVER_NAME' => '127.0.0.1'
    'SERVER_PORT' => '8093'
    'SERVER_ADDR' => '172.18.14.235'
    'REMOTE_PORT' => '49543'
    'REMOTE_ADDR' => '14.130.112.18'
    'SERVER_SOFTWARE' => 'nginx/1.13.5'
    'GATEWAY_INTERFACE' => 'CGI/1.1'
    'REQUEST_SCHEME' => 'http'
    'SERVER_PROTOCOL' => 'HTTP/1.1'
    'DOCUMENT_ROOT' => '/data/rent/web'
    'DOCUMENT_URI' => '/index.php'
    'REQUEST_URI' => '/index.php?r=site%2Findex'
    'SCRIPT_NAME' => '/index.php'
    'CONTENT_LENGTH' => ''
    'CONTENT_TYPE' => ''
    'REQUEST_METHOD' => 'GET'
    'QUERY_STRING' => 'r=site%2Findex'
    'SCRIPT_FILENAME' => '/data/rent/web/index.php'
    'FCGI_ROLE' => 'RESPONDER'
    'PHP_SELF' => '/index.php'
    'REQUEST_TIME_FLOAT' => 1530600215.5991
    'REQUEST_TIME' => 1530600215
]
2018-07-03 06:43:37 [14.130.112.18][-][-][warning][yii\debug\Module::checkAccess] Access to debugger is denied due to IP address restriction. The requesting IP address is 14.130.112.18
    in /data/rent/views/layouts/main.php:78
    in /data/rent/controllers/SiteController.php:126
2018-07-03 06:43:37 [14.130.112.18][-][-][warning][yii\debug\Module::checkAccess] Access to debugger is denied due to IP address restriction. The requesting IP address is 14.130.112.18
2018-07-03 06:43:37 [14.130.112.18][-][-][info][application] $_GET = [
    'r' => 'site/about'
]

$_POST = []

$_FILES = []

$_COOKIE = [
    'PHPSESSID' => 'ek7v5jgevl0ldcb66t7ot6md0e'
    '_csrf' => '44318ea3197fa4e5787d129d0f76f421ff5a3090bb4f14235af227e9fd5a518aa:2:{i:0;s:5:\"_csrf\";i:1;s:32:\"fSCBM8SLStDDIeX5RAIxtAjYI2vUiZte\";}'
]

$_SESSION = [
    '__flash' => []
    '__captcha/site/captcha' => 'diyuwoi'
    '__captcha/site/captchacount' => 1
]

$_SERVER = [
    'USER' => 'www'
    'HOME' => '/home/www'
    'HTTP_UPGRADE_INSECURE_REQUESTS' => '1'
    'HTTP_CONNECTION' => 'keep-alive'
    'HTTP_COOKIE' => 'PHPSESSID=ek7v5jgevl0ldcb66t7ot6md0e; _csrf=44318ea3197fa4e5787d129d0f76f421ff5a3090bb4f14235af227e9fd5a518aa%3A2%3A%7Bi%3A0%3Bs%3A5%3A%22_csrf%22%3Bi%3A1%3Bs%3A32%3A%22fSCBM8SLStDDIeX5RAIxtAjYI2vUiZte%22%3B%7D'
    'HTTP_REFERER' => 'http://120.79.212.63:8093/index.php?r=site%2Findex'
    'HTTP_ACCEPT_ENCODING' => 'gzip, deflate'
    'HTTP_ACCEPT_LANGUAGE' => 'zh-CN,zh;q=0.8,zh-TW;q=0.7,zh-HK;q=0.5,en-US;q=0.3,en;q=0.2'
    'HTTP_ACCEPT' => 'text/html,application/xhtml+xml,application/xml;q=0.9,*/*;q=0.8'
    'HTTP_USER_AGENT' => 'Mozilla/5.0 (Windows NT 10.0; WOW64; rv:60.0) Gecko/20100101 Firefox/60.0'
    'HTTP_HOST' => '120.79.212.63:8093'
    'REDIRECT_STATUS' => '200'
    'SERVER_NAME' => '127.0.0.1'
    'SERVER_PORT' => '8093'
    'SERVER_ADDR' => '172.18.14.235'
    'REMOTE_PORT' => '49543'
    'REMOTE_ADDR' => '14.130.112.18'
    'SERVER_SOFTWARE' => 'nginx/1.13.5'
    'GATEWAY_INTERFACE' => 'CGI/1.1'
    'REQUEST_SCHEME' => 'http'
    'SERVER_PROTOCOL' => 'HTTP/1.1'
    'DOCUMENT_ROOT' => '/data/rent/web'
    'DOCUMENT_URI' => '/index.php'
    'REQUEST_URI' => '/index.php?r=site%2Fabout'
    'SCRIPT_NAME' => '/index.php'
    'CONTENT_LENGTH' => ''
    'CONTENT_TYPE' => ''
    'REQUEST_METHOD' => 'GET'
    'QUERY_STRING' => 'r=site%2Fabout'
    'SCRIPT_FILENAME' => '/data/rent/web/index.php'
    'FCGI_ROLE' => 'RESPONDER'
    'PHP_SELF' => '/index.php'
    'REQUEST_TIME_FLOAT' => 1530600217.237
    'REQUEST_TIME' => 1530600217
]
2018-07-03 06:43:38 [14.130.112.18][-][-][warning][yii\debug\Module::checkAccess] Access to debugger is denied due to IP address restriction. The requesting IP address is 14.130.112.18
    in /data/rent/views/layouts/main.php:78
    in /data/rent/controllers/SiteController.php:115
2018-07-03 06:43:38 [14.130.112.18][-][-][warning][yii\debug\Module::checkAccess] Access to debugger is denied due to IP address restriction. The requesting IP address is 14.130.112.18
2018-07-03 06:43:38 [14.130.112.18][-][-][info][application] $_GET = [
    'r' => 'site/contact'
]

$_POST = []

$_FILES = []

$_COOKIE = [
    'PHPSESSID' => 'ek7v5jgevl0ldcb66t7ot6md0e'
    '_csrf' => '44318ea3197fa4e5787d129d0f76f421ff5a3090bb4f14235af227e9fd5a518aa:2:{i:0;s:5:\"_csrf\";i:1;s:32:\"fSCBM8SLStDDIeX5RAIxtAjYI2vUiZte\";}'
]

$_SESSION = [
    '__flash' => []
    '__captcha/site/captcha' => 'diyuwoi'
    '__captcha/site/captchacount' => 1
]

$_SERVER = [
    'USER' => 'www'
    'HOME' => '/home/www'
    'HTTP_UPGRADE_INSECURE_REQUESTS' => '1'
    'HTTP_CONNECTION' => 'keep-alive'
    'HTTP_COOKIE' => 'PHPSESSID=ek7v5jgevl0ldcb66t7ot6md0e; _csrf=44318ea3197fa4e5787d129d0f76f421ff5a3090bb4f14235af227e9fd5a518aa%3A2%3A%7Bi%3A0%3Bs%3A5%3A%22_csrf%22%3Bi%3A1%3Bs%3A32%3A%22fSCBM8SLStDDIeX5RAIxtAjYI2vUiZte%22%3B%7D'
    'HTTP_REFERER' => 'http://120.79.212.63:8093/index.php?r=site%2Fabout'
    'HTTP_ACCEPT_ENCODING' => 'gzip, deflate'
    'HTTP_ACCEPT_LANGUAGE' => 'zh-CN,zh;q=0.8,zh-TW;q=0.7,zh-HK;q=0.5,en-US;q=0.3,en;q=0.2'
    'HTTP_ACCEPT' => 'text/html,application/xhtml+xml,application/xml;q=0.9,*/*;q=0.8'
    'HTTP_USER_AGENT' => 'Mozilla/5.0 (Windows NT 10.0; WOW64; rv:60.0) Gecko/20100101 Firefox/60.0'
    'HTTP_HOST' => '120.79.212.63:8093'
    'REDIRECT_STATUS' => '200'
    'SERVER_NAME' => '127.0.0.1'
    'SERVER_PORT' => '8093'
    'SERVER_ADDR' => '172.18.14.235'
    'REMOTE_PORT' => '49543'
    'REMOTE_ADDR' => '14.130.112.18'
    'SERVER_SOFTWARE' => 'nginx/1.13.5'
    'GATEWAY_INTERFACE' => 'CGI/1.1'
    'REQUEST_SCHEME' => 'http'
    'SERVER_PROTOCOL' => 'HTTP/1.1'
    'DOCUMENT_ROOT' => '/data/rent/web'
    'DOCUMENT_URI' => '/index.php'
    'REQUEST_URI' => '/index.php?r=site%2Fcontact'
    'SCRIPT_NAME' => '/index.php'
    'CONTENT_LENGTH' => ''
    'CONTENT_TYPE' => ''
    'REQUEST_METHOD' => 'GET'
    'QUERY_STRING' => 'r=site%2Fcontact'
    'SCRIPT_FILENAME' => '/data/rent/web/index.php'
    'FCGI_ROLE' => 'RESPONDER'
    'PHP_SELF' => '/index.php'
    'REQUEST_TIME_FLOAT' => 1530600218.3538
    'REQUEST_TIME' => 1530600218
]
2018-07-03 06:43:38 [14.130.112.18][-][-][warning][yii\debug\Module::checkAccess] Access to debugger is denied due to IP address restriction. The requesting IP address is 14.130.112.18
2018-07-03 06:43:38 [14.130.112.18][-][-][info][application] $_GET = [
    'r' => 'site/captcha'
    'v' => '5b3b1b1a605cf1.97922716'
]

$_POST = []

$_FILES = []

$_COOKIE = [
    'PHPSESSID' => 'ek7v5jgevl0ldcb66t7ot6md0e'
    '_csrf' => '44318ea3197fa4e5787d129d0f76f421ff5a3090bb4f14235af227e9fd5a518aa:2:{i:0;s:5:\"_csrf\";i:1;s:32:\"fSCBM8SLStDDIeX5RAIxtAjYI2vUiZte\";}'
]

$_SESSION = [
    '__flash' => []
    '__captcha/site/captcha' => 'diyuwoi'
    '__captcha/site/captchacount' => 1
]

$_SERVER = [
    'USER' => 'www'
    'HOME' => '/home/www'
    'HTTP_CONNECTION' => 'keep-alive'
    'HTTP_COOKIE' => 'PHPSESSID=ek7v5jgevl0ldcb66t7ot6md0e; _csrf=44318ea3197fa4e5787d129d0f76f421ff5a3090bb4f14235af227e9fd5a518aa%3A2%3A%7Bi%3A0%3Bs%3A5%3A%22_csrf%22%3Bi%3A1%3Bs%3A32%3A%22fSCBM8SLStDDIeX5RAIxtAjYI2vUiZte%22%3B%7D'
    'HTTP_REFERER' => 'http://120.79.212.63:8093/index.php?r=site%2Fcontact'
    'HTTP_ACCEPT_ENCODING' => 'gzip, deflate'
    'HTTP_ACCEPT_LANGUAGE' => 'zh-CN,zh;q=0.8,zh-TW;q=0.7,zh-HK;q=0.5,en-US;q=0.3,en;q=0.2'
    'HTTP_ACCEPT' => '*/*'
    'HTTP_USER_AGENT' => 'Mozilla/5.0 (Windows NT 10.0; WOW64; rv:60.0) Gecko/20100101 Firefox/60.0'
    'HTTP_HOST' => '120.79.212.63:8093'
    'REDIRECT_STATUS' => '200'
    'SERVER_NAME' => '127.0.0.1'
    'SERVER_PORT' => '8093'
    'SERVER_ADDR' => '172.18.14.235'
    'REMOTE_PORT' => '49546'
    'REMOTE_ADDR' => '14.130.112.18'
    'SERVER_SOFTWARE' => 'nginx/1.13.5'
    'GATEWAY_INTERFACE' => 'CGI/1.1'
    'REQUEST_SCHEME' => 'http'
    'SERVER_PROTOCOL' => 'HTTP/1.1'
    'DOCUMENT_ROOT' => '/data/rent/web'
    'DOCUMENT_URI' => '/index.php'
    'REQUEST_URI' => '/index.php?r=site%2Fcaptcha&v=5b3b1b1a605cf1.97922716'
    'SCRIPT_NAME' => '/index.php'
    'CONTENT_LENGTH' => ''
    'CONTENT_TYPE' => ''
    'REQUEST_METHOD' => 'GET'
    'QUERY_STRING' => 'r=site%2Fcaptcha&v=5b3b1b1a605cf1.97922716'
    'SCRIPT_FILENAME' => '/data/rent/web/index.php'
    'FCGI_ROLE' => 'RESPONDER'
    'PHP_SELF' => '/index.php'
    'REQUEST_TIME_FLOAT' => 1530600218.4682
    'REQUEST_TIME' => 1530600218
]
2018-07-04 01:34:13 [14.130.112.18][-][-][warning][yii\debug\Module::checkAccess] Access to debugger is denied due to IP address restriction. The requesting IP address is 14.130.112.18
    in /data/rent/views/layouts/main.php:78
    in /data/rent/controllers/SiteController.php:64
2018-07-04 01:34:13 [14.130.112.18][-][-][warning][yii\debug\Module::checkAccess] Access to debugger is denied due to IP address restriction. The requesting IP address is 14.130.112.18
2018-07-04 01:34:13 [14.130.112.18][-][-][info][application] $_GET = []

$_POST = []

$_FILES = []

$_COOKIE = [
    'XSRF-TOKEN' => 'eyJpdiI6IldqclZJdndFNEJ3NmFzWk9na3hJMkE9PSIsInZhbHVlIjoieFh1ZWZPMzJGbWVpZVwva25mR3RNWFQ2VnN0eU5mU3J3bHJSWXBHc2JJMGpKM3RlWTRjM1ZNdmlcL0JtTDlFaUlRSXNFOEhEMUJrK0hMbWpLRnJDQVFYZz09IiwibWFjIjoiOWZjYzU2YjYwZmJmOGRjMGJlYTQzZmViOGQ5NmJkOWI0OTI4Y2U3ZDdkMWIwOWVhMDk2MjM0Y2RkYzZhZGZjZSJ9'
    'laravel_session' => 'eyJpdiI6InFqeDFORldmbitwVGoxQTdsM1pNcFE9PSIsInZhbHVlIjoiZTI4MWIzWFN4aHVxSnozT24wcHh2bW9yWFEwSGl4N0UzV25LajRmSmpxRmlITGVoM0luUmlZMEtROHU2eTFWV0M4NDJBTittQzBlbzhVWkU3ckJEMWc9PSIsIm1hYyI6ImI5OTI2Y2Q2NDU2NjFjNTI4YjY2M2E2N2M4ODZhYzU4NThhNTI0YjQwM2IxNDJjZWEyYThmYjBiMDJjYzZhMDUifQ=='
]

$_SESSION = [
    '__flash' => []
]

$_SERVER = [
    'USER' => 'www'
    'HOME' => '/home/www'
    'HTTP_UPGRADE_INSECURE_REQUESTS' => '1'
    'HTTP_CONNECTION' => 'keep-alive'
    'HTTP_COOKIE' => 'XSRF-TOKEN=eyJpdiI6IldqclZJdndFNEJ3NmFzWk9na3hJMkE9PSIsInZhbHVlIjoieFh1ZWZPMzJGbWVpZVwva25mR3RNWFQ2VnN0eU5mU3J3bHJSWXBHc2JJMGpKM3RlWTRjM1ZNdmlcL0JtTDlFaUlRSXNFOEhEMUJrK0hMbWpLRnJDQVFYZz09IiwibWFjIjoiOWZjYzU2YjYwZmJmOGRjMGJlYTQzZmViOGQ5NmJkOWI0OTI4Y2U3ZDdkMWIwOWVhMDk2MjM0Y2RkYzZhZGZjZSJ9; laravel_session=eyJpdiI6InFqeDFORldmbitwVGoxQTdsM1pNcFE9PSIsInZhbHVlIjoiZTI4MWIzWFN4aHVxSnozT24wcHh2bW9yWFEwSGl4N0UzV25LajRmSmpxRmlITGVoM0luUmlZMEtROHU2eTFWV0M4NDJBTittQzBlbzhVWkU3ckJEMWc9PSIsIm1hYyI6ImI5OTI2Y2Q2NDU2NjFjNTI4YjY2M2E2N2M4ODZhYzU4NThhNTI0YjQwM2IxNDJjZWEyYThmYjBiMDJjYzZhMDUifQ%3D%3D'
    'HTTP_ACCEPT_ENCODING' => 'gzip, deflate'
    'HTTP_ACCEPT_LANGUAGE' => 'zh-CN,zh;q=0.8,zh-TW;q=0.7,zh-HK;q=0.5,en-US;q=0.3,en;q=0.2'
    'HTTP_ACCEPT' => 'text/html,application/xhtml+xml,application/xml;q=0.9,*/*;q=0.8'
    'HTTP_USER_AGENT' => 'Mozilla/5.0 (Windows NT 10.0; WOW64; rv:61.0) Gecko/20100101 Firefox/61.0'
    'HTTP_HOST' => '120.79.212.63:8093'
    'REDIRECT_STATUS' => '200'
    'SERVER_NAME' => '127.0.0.1'
    'SERVER_PORT' => '8093'
    'SERVER_ADDR' => '172.18.14.235'
    'REMOTE_PORT' => '50606'
    'REMOTE_ADDR' => '14.130.112.18'
    'SERVER_SOFTWARE' => 'nginx/1.13.5'
    'GATEWAY_INTERFACE' => 'CGI/1.1'
    'REQUEST_SCHEME' => 'http'
    'SERVER_PROTOCOL' => 'HTTP/1.1'
    'DOCUMENT_ROOT' => '/data/rent/web'
    'DOCUMENT_URI' => '/index.php'
    'REQUEST_URI' => '/'
    'SCRIPT_NAME' => '/index.php'
    'CONTENT_LENGTH' => ''
    'CONTENT_TYPE' => ''
    'REQUEST_METHOD' => 'GET'
    'QUERY_STRING' => ''
    'SCRIPT_FILENAME' => '/data/rent/web/index.php'
    'FCGI_ROLE' => 'RESPONDER'
    'PHP_SELF' => '/index.php'
    'REQUEST_TIME_FLOAT' => 1530668053.8966
    'REQUEST_TIME' => 1530668053
]
2018-07-04 01:34:17 [14.130.112.18][-][-][warning][yii\debug\Module::checkAccess] Access to debugger is denied due to IP address restriction. The requesting IP address is 14.130.112.18
    in /data/rent/views/layouts/main.php:78
    in /data/rent/controllers/SiteController.php:126
2018-07-04 01:34:17 [14.130.112.18][-][-][warning][yii\debug\Module::checkAccess] Access to debugger is denied due to IP address restriction. The requesting IP address is 14.130.112.18
2018-07-04 01:34:17 [14.130.112.18][-][-][info][application] $_GET = [
    'r' => 'site/about'
]

$_POST = []

$_FILES = []

$_COOKIE = [
    'XSRF-TOKEN' => 'eyJpdiI6IldqclZJdndFNEJ3NmFzWk9na3hJMkE9PSIsInZhbHVlIjoieFh1ZWZPMzJGbWVpZVwva25mR3RNWFQ2VnN0eU5mU3J3bHJSWXBHc2JJMGpKM3RlWTRjM1ZNdmlcL0JtTDlFaUlRSXNFOEhEMUJrK0hMbWpLRnJDQVFYZz09IiwibWFjIjoiOWZjYzU2YjYwZmJmOGRjMGJlYTQzZmViOGQ5NmJkOWI0OTI4Y2U3ZDdkMWIwOWVhMDk2MjM0Y2RkYzZhZGZjZSJ9'
    'laravel_session' => 'eyJpdiI6InFqeDFORldmbitwVGoxQTdsM1pNcFE9PSIsInZhbHVlIjoiZTI4MWIzWFN4aHVxSnozT24wcHh2bW9yWFEwSGl4N0UzV25LajRmSmpxRmlITGVoM0luUmlZMEtROHU2eTFWV0M4NDJBTittQzBlbzhVWkU3ckJEMWc9PSIsIm1hYyI6ImI5OTI2Y2Q2NDU2NjFjNTI4YjY2M2E2N2M4ODZhYzU4NThhNTI0YjQwM2IxNDJjZWEyYThmYjBiMDJjYzZhMDUifQ=='
    'PHPSESSID' => 'l0qn5o4no8ejdv6fufsafotlku'
    '_csrf' => 'c6b8c15949a72bfd93a3167c2a60f4ba8ae04b3ed95c59d893ad781daa1c2281a:2:{i:0;s:5:\"_csrf\";i:1;s:32:\"IQub22GWRvWZN5-09EkqLvrDgPZiVIHO\";}'
]

$_SESSION = [
    '__flash' => []
]

$_SERVER = [
    'USER' => 'www'
    'HOME' => '/home/www'
    'HTTP_UPGRADE_INSECURE_REQUESTS' => '1'
    'HTTP_CONNECTION' => 'keep-alive'
    'HTTP_COOKIE' => 'XSRF-TOKEN=eyJpdiI6IldqclZJdndFNEJ3NmFzWk9na3hJMkE9PSIsInZhbHVlIjoieFh1ZWZPMzJGbWVpZVwva25mR3RNWFQ2VnN0eU5mU3J3bHJSWXBHc2JJMGpKM3RlWTRjM1ZNdmlcL0JtTDlFaUlRSXNFOEhEMUJrK0hMbWpLRnJDQVFYZz09IiwibWFjIjoiOWZjYzU2YjYwZmJmOGRjMGJlYTQzZmViOGQ5NmJkOWI0OTI4Y2U3ZDdkMWIwOWVhMDk2MjM0Y2RkYzZhZGZjZSJ9; laravel_session=eyJpdiI6InFqeDFORldmbitwVGoxQTdsM1pNcFE9PSIsInZhbHVlIjoiZTI4MWIzWFN4aHVxSnozT24wcHh2bW9yWFEwSGl4N0UzV25LajRmSmpxRmlITGVoM0luUmlZMEtROHU2eTFWV0M4NDJBTittQzBlbzhVWkU3ckJEMWc9PSIsIm1hYyI6ImI5OTI2Y2Q2NDU2NjFjNTI4YjY2M2E2N2M4ODZhYzU4NThhNTI0YjQwM2IxNDJjZWEyYThmYjBiMDJjYzZhMDUifQ%3D%3D; PHPSESSID=l0qn5o4no8ejdv6fufsafotlku; _csrf=c6b8c15949a72bfd93a3167c2a60f4ba8ae04b3ed95c59d893ad781daa1c2281a%3A2%3A%7Bi%3A0%3Bs%3A5%3A%22_csrf%22%3Bi%3A1%3Bs%3A32%3A%22IQub22GWRvWZN5-09EkqLvrDgPZiVIHO%22%3B%7D'
    'HTTP_REFERER' => 'http://120.79.212.63:8093/'
    'HTTP_ACCEPT_ENCODING' => 'gzip, deflate'
    'HTTP_ACCEPT_LANGUAGE' => 'zh-CN,zh;q=0.8,zh-TW;q=0.7,zh-HK;q=0.5,en-US;q=0.3,en;q=0.2'
    'HTTP_ACCEPT' => 'text/html,application/xhtml+xml,application/xml;q=0.9,*/*;q=0.8'
    'HTTP_USER_AGENT' => 'Mozilla/5.0 (Windows NT 10.0; WOW64; rv:61.0) Gecko/20100101 Firefox/61.0'
    'HTTP_HOST' => '120.79.212.63:8093'
    'REDIRECT_STATUS' => '200'
    'SERVER_NAME' => '127.0.0.1'
    'SERVER_PORT' => '8093'
    'SERVER_ADDR' => '172.18.14.235'
    'REMOTE_PORT' => '50606'
    'REMOTE_ADDR' => '14.130.112.18'
    'SERVER_SOFTWARE' => 'nginx/1.13.5'
    'GATEWAY_INTERFACE' => 'CGI/1.1'
    'REQUEST_SCHEME' => 'http'
    'SERVER_PROTOCOL' => 'HTTP/1.1'
    'DOCUMENT_ROOT' => '/data/rent/web'
    'DOCUMENT_URI' => '/index.php'
    'REQUEST_URI' => '/index.php?r=site%2Fabout'
    'SCRIPT_NAME' => '/index.php'
    'CONTENT_LENGTH' => ''
    'CONTENT_TYPE' => ''
    'REQUEST_METHOD' => 'GET'
    'QUERY_STRING' => 'r=site%2Fabout'
    'SCRIPT_FILENAME' => '/data/rent/web/index.php'
    'FCGI_ROLE' => 'RESPONDER'
    'PHP_SELF' => '/index.php'
    'REQUEST_TIME_FLOAT' => 1530668057.7061
    'REQUEST_TIME' => 1530668057
]
2018-07-04 01:34:18 [14.130.112.18][-][-][warning][yii\debug\Module::checkAccess] Access to debugger is denied due to IP address restriction. The requesting IP address is 14.130.112.18
    in /data/rent/views/layouts/main.php:78
    in /data/rent/controllers/SiteController.php:115
2018-07-04 01:34:18 [14.130.112.18][-][-][warning][yii\debug\Module::checkAccess] Access to debugger is denied due to IP address restriction. The requesting IP address is 14.130.112.18
2018-07-04 01:34:18 [14.130.112.18][-][-][info][application] $_GET = [
    'r' => 'site/contact'
]

$_POST = []

$_FILES = []

$_COOKIE = [
    'XSRF-TOKEN' => 'eyJpdiI6IldqclZJdndFNEJ3NmFzWk9na3hJMkE9PSIsInZhbHVlIjoieFh1ZWZPMzJGbWVpZVwva25mR3RNWFQ2VnN0eU5mU3J3bHJSWXBHc2JJMGpKM3RlWTRjM1ZNdmlcL0JtTDlFaUlRSXNFOEhEMUJrK0hMbWpLRnJDQVFYZz09IiwibWFjIjoiOWZjYzU2YjYwZmJmOGRjMGJlYTQzZmViOGQ5NmJkOWI0OTI4Y2U3ZDdkMWIwOWVhMDk2MjM0Y2RkYzZhZGZjZSJ9'
    'laravel_session' => 'eyJpdiI6InFqeDFORldmbitwVGoxQTdsM1pNcFE9PSIsInZhbHVlIjoiZTI4MWIzWFN4aHVxSnozT24wcHh2bW9yWFEwSGl4N0UzV25LajRmSmpxRmlITGVoM0luUmlZMEtROHU2eTFWV0M4NDJBTittQzBlbzhVWkU3ckJEMWc9PSIsIm1hYyI6ImI5OTI2Y2Q2NDU2NjFjNTI4YjY2M2E2N2M4ODZhYzU4NThhNTI0YjQwM2IxNDJjZWEyYThmYjBiMDJjYzZhMDUifQ=='
    'PHPSESSID' => 'l0qn5o4no8ejdv6fufsafotlku'
    '_csrf' => 'c6b8c15949a72bfd93a3167c2a60f4ba8ae04b3ed95c59d893ad781daa1c2281a:2:{i:0;s:5:\"_csrf\";i:1;s:32:\"IQub22GWRvWZN5-09EkqLvrDgPZiVIHO\";}'
]

$_SESSION = [
    '__flash' => []
    '__captcha/site/captcha' => 'xpcejux'
    '__captcha/site/captchacount' => 1
]

$_SERVER = [
    'USER' => 'www'
    'HOME' => '/home/www'
    'HTTP_UPGRADE_INSECURE_REQUESTS' => '1'
    'HTTP_CONNECTION' => 'keep-alive'
    'HTTP_COOKIE' => 'XSRF-TOKEN=eyJpdiI6IldqclZJdndFNEJ3NmFzWk9na3hJMkE9PSIsInZhbHVlIjoieFh1ZWZPMzJGbWVpZVwva25mR3RNWFQ2VnN0eU5mU3J3bHJSWXBHc2JJMGpKM3RlWTRjM1ZNdmlcL0JtTDlFaUlRSXNFOEhEMUJrK0hMbWpLRnJDQVFYZz09IiwibWFjIjoiOWZjYzU2YjYwZmJmOGRjMGJlYTQzZmViOGQ5NmJkOWI0OTI4Y2U3ZDdkMWIwOWVhMDk2MjM0Y2RkYzZhZGZjZSJ9; laravel_session=eyJpdiI6InFqeDFORldmbitwVGoxQTdsM1pNcFE9PSIsInZhbHVlIjoiZTI4MWIzWFN4aHVxSnozT24wcHh2bW9yWFEwSGl4N0UzV25LajRmSmpxRmlITGVoM0luUmlZMEtROHU2eTFWV0M4NDJBTittQzBlbzhVWkU3ckJEMWc9PSIsIm1hYyI6ImI5OTI2Y2Q2NDU2NjFjNTI4YjY2M2E2N2M4ODZhYzU4NThhNTI0YjQwM2IxNDJjZWEyYThmYjBiMDJjYzZhMDUifQ%3D%3D; PHPSESSID=l0qn5o4no8ejdv6fufsafotlku; _csrf=c6b8c15949a72bfd93a3167c2a60f4ba8ae04b3ed95c59d893ad781daa1c2281a%3A2%3A%7Bi%3A0%3Bs%3A5%3A%22_csrf%22%3Bi%3A1%3Bs%3A32%3A%22IQub22GWRvWZN5-09EkqLvrDgPZiVIHO%22%3B%7D'
    'HTTP_REFERER' => 'http://120.79.212.63:8093/index.php?r=site%2Fabout'
    'HTTP_ACCEPT_ENCODING' => 'gzip, deflate'
    'HTTP_ACCEPT_LANGUAGE' => 'zh-CN,zh;q=0.8,zh-TW;q=0.7,zh-HK;q=0.5,en-US;q=0.3,en;q=0.2'
    'HTTP_ACCEPT' => 'text/html,application/xhtml+xml,application/xml;q=0.9,*/*;q=0.8'
    'HTTP_USER_AGENT' => 'Mozilla/5.0 (Windows NT 10.0; WOW64; rv:61.0) Gecko/20100101 Firefox/61.0'
    'HTTP_HOST' => '120.79.212.63:8093'
    'REDIRECT_STATUS' => '200'
    'SERVER_NAME' => '127.0.0.1'
    'SERVER_PORT' => '8093'
    'SERVER_ADDR' => '172.18.14.235'
    'REMOTE_PORT' => '50606'
    'REMOTE_ADDR' => '14.130.112.18'
    'SERVER_SOFTWARE' => 'nginx/1.13.5'
    'GATEWAY_INTERFACE' => 'CGI/1.1'
    'REQUEST_SCHEME' => 'http'
    'SERVER_PROTOCOL' => 'HTTP/1.1'
    'DOCUMENT_ROOT' => '/data/rent/web'
    'DOCUMENT_URI' => '/index.php'
    'REQUEST_URI' => '/index.php?r=site%2Fcontact'
    'SCRIPT_NAME' => '/index.php'
    'CONTENT_LENGTH' => ''
    'CONTENT_TYPE' => ''
    'REQUEST_METHOD' => 'GET'
    'QUERY_STRING' => 'r=site%2Fcontact'
    'SCRIPT_FILENAME' => '/data/rent/web/index.php'
    'FCGI_ROLE' => 'RESPONDER'
    'PHP_SELF' => '/index.php'
    'REQUEST_TIME_FLOAT' => 1530668058.2711
    'REQUEST_TIME' => 1530668058
]
2018-07-04 01:34:18 [14.130.112.18][-][-][warning][yii\debug\Module::checkAccess] Access to debugger is denied due to IP address restriction. The requesting IP address is 14.130.112.18
2018-07-04 01:34:18 [14.130.112.18][-][-][info][application] $_GET = [
    'r' => 'site/captcha'
    'v' => '5b3c241a4b78c0.62453145'
]

$_POST = []

$_FILES = []

$_COOKIE = [
    'XSRF-TOKEN' => 'eyJpdiI6IldqclZJdndFNEJ3NmFzWk9na3hJMkE9PSIsInZhbHVlIjoieFh1ZWZPMzJGbWVpZVwva25mR3RNWFQ2VnN0eU5mU3J3bHJSWXBHc2JJMGpKM3RlWTRjM1ZNdmlcL0JtTDlFaUlRSXNFOEhEMUJrK0hMbWpLRnJDQVFYZz09IiwibWFjIjoiOWZjYzU2YjYwZmJmOGRjMGJlYTQzZmViOGQ5NmJkOWI0OTI4Y2U3ZDdkMWIwOWVhMDk2MjM0Y2RkYzZhZGZjZSJ9'
    'laravel_session' => 'eyJpdiI6InFqeDFORldmbitwVGoxQTdsM1pNcFE9PSIsInZhbHVlIjoiZTI4MWIzWFN4aHVxSnozT24wcHh2bW9yWFEwSGl4N0UzV25LajRmSmpxRmlITGVoM0luUmlZMEtROHU2eTFWV0M4NDJBTittQzBlbzhVWkU3ckJEMWc9PSIsIm1hYyI6ImI5OTI2Y2Q2NDU2NjFjNTI4YjY2M2E2N2M4ODZhYzU4NThhNTI0YjQwM2IxNDJjZWEyYThmYjBiMDJjYzZhMDUifQ=='
    'PHPSESSID' => 'l0qn5o4no8ejdv6fufsafotlku'
    '_csrf' => 'c6b8c15949a72bfd93a3167c2a60f4ba8ae04b3ed95c59d893ad781daa1c2281a:2:{i:0;s:5:\"_csrf\";i:1;s:32:\"IQub22GWRvWZN5-09EkqLvrDgPZiVIHO\";}'
]

$_SESSION = [
    '__flash' => []
    '__captcha/site/captcha' => 'xpcejux'
    '__captcha/site/captchacount' => 1
]

$_SERVER = [
    'USER' => 'www'
    'HOME' => '/home/www'
    'HTTP_CONNECTION' => 'keep-alive'
    'HTTP_COOKIE' => 'XSRF-TOKEN=eyJpdiI6IldqclZJdndFNEJ3NmFzWk9na3hJMkE9PSIsInZhbHVlIjoieFh1ZWZPMzJGbWVpZVwva25mR3RNWFQ2VnN0eU5mU3J3bHJSWXBHc2JJMGpKM3RlWTRjM1ZNdmlcL0JtTDlFaUlRSXNFOEhEMUJrK0hMbWpLRnJDQVFYZz09IiwibWFjIjoiOWZjYzU2YjYwZmJmOGRjMGJlYTQzZmViOGQ5NmJkOWI0OTI4Y2U3ZDdkMWIwOWVhMDk2MjM0Y2RkYzZhZGZjZSJ9; laravel_session=eyJpdiI6InFqeDFORldmbitwVGoxQTdsM1pNcFE9PSIsInZhbHVlIjoiZTI4MWIzWFN4aHVxSnozT24wcHh2bW9yWFEwSGl4N0UzV25LajRmSmpxRmlITGVoM0luUmlZMEtROHU2eTFWV0M4NDJBTittQzBlbzhVWkU3ckJEMWc9PSIsIm1hYyI6ImI5OTI2Y2Q2NDU2NjFjNTI4YjY2M2E2N2M4ODZhYzU4NThhNTI0YjQwM2IxNDJjZWEyYThmYjBiMDJjYzZhMDUifQ%3D%3D; PHPSESSID=l0qn5o4no8ejdv6fufsafotlku; _csrf=c6b8c15949a72bfd93a3167c2a60f4ba8ae04b3ed95c59d893ad781daa1c2281a%3A2%3A%7Bi%3A0%3Bs%3A5%3A%22_csrf%22%3Bi%3A1%3Bs%3A32%3A%22IQub22GWRvWZN5-09EkqLvrDgPZiVIHO%22%3B%7D'
    'HTTP_REFERER' => 'http://120.79.212.63:8093/index.php?r=site%2Fcontact'
    'HTTP_ACCEPT_ENCODING' => 'gzip, deflate'
    'HTTP_ACCEPT_LANGUAGE' => 'zh-CN,zh;q=0.8,zh-TW;q=0.7,zh-HK;q=0.5,en-US;q=0.3,en;q=0.2'
    'HTTP_ACCEPT' => '*/*'
    'HTTP_USER_AGENT' => 'Mozilla/5.0 (Windows NT 10.0; WOW64; rv:61.0) Gecko/20100101 Firefox/61.0'
    'HTTP_HOST' => '120.79.212.63:8093'
    'REDIRECT_STATUS' => '200'
    'SERVER_NAME' => '127.0.0.1'
    'SERVER_PORT' => '8093'
    'SERVER_ADDR' => '172.18.14.235'
    'REMOTE_PORT' => '50608'
    'REMOTE_ADDR' => '14.130.112.18'
    'SERVER_SOFTWARE' => 'nginx/1.13.5'
    'GATEWAY_INTERFACE' => 'CGI/1.1'
    'REQUEST_SCHEME' => 'http'
    'SERVER_PROTOCOL' => 'HTTP/1.1'
    'DOCUMENT_ROOT' => '/data/rent/web'
    'DOCUMENT_URI' => '/index.php'
    'REQUEST_URI' => '/index.php?r=site%2Fcaptcha&v=5b3c241a4b78c0.62453145'
    'SCRIPT_NAME' => '/index.php'
    'CONTENT_LENGTH' => ''
    'CONTENT_TYPE' => ''
    'REQUEST_METHOD' => 'GET'
    'QUERY_STRING' => 'r=site%2Fcaptcha&v=5b3c241a4b78c0.62453145'
    'SCRIPT_FILENAME' => '/data/rent/web/index.php'
    'FCGI_ROLE' => 'RESPONDER'
    'PHP_SELF' => '/index.php'
    'REQUEST_TIME_FLOAT' => 1530668058.4042
    'REQUEST_TIME' => 1530668058
]
2018-07-04 01:34:23 [14.130.112.18][-][-][warning][yii\debug\Module::checkAccess] Access to debugger is denied due to IP address restriction. The requesting IP address is 14.130.112.18
    in /data/rent/views/layouts/main.php:78
    in /data/rent/controllers/SiteController.php:85
2018-07-04 01:34:23 [14.130.112.18][-][-][warning][yii\debug\Module::checkAccess] Access to debugger is denied due to IP address restriction. The requesting IP address is 14.130.112.18
2018-07-04 01:34:23 [14.130.112.18][-][-][info][application] $_GET = [
    'r' => 'site/login'
]

$_POST = []

$_FILES = []

$_COOKIE = [
    'XSRF-TOKEN' => 'eyJpdiI6IldqclZJdndFNEJ3NmFzWk9na3hJMkE9PSIsInZhbHVlIjoieFh1ZWZPMzJGbWVpZVwva25mR3RNWFQ2VnN0eU5mU3J3bHJSWXBHc2JJMGpKM3RlWTRjM1ZNdmlcL0JtTDlFaUlRSXNFOEhEMUJrK0hMbWpLRnJDQVFYZz09IiwibWFjIjoiOWZjYzU2YjYwZmJmOGRjMGJlYTQzZmViOGQ5NmJkOWI0OTI4Y2U3ZDdkMWIwOWVhMDk2MjM0Y2RkYzZhZGZjZSJ9'
    'laravel_session' => 'eyJpdiI6InFqeDFORldmbitwVGoxQTdsM1pNcFE9PSIsInZhbHVlIjoiZTI4MWIzWFN4aHVxSnozT24wcHh2bW9yWFEwSGl4N0UzV25LajRmSmpxRmlITGVoM0luUmlZMEtROHU2eTFWV0M4NDJBTittQzBlbzhVWkU3ckJEMWc9PSIsIm1hYyI6ImI5OTI2Y2Q2NDU2NjFjNTI4YjY2M2E2N2M4ODZhYzU4NThhNTI0YjQwM2IxNDJjZWEyYThmYjBiMDJjYzZhMDUifQ=='
    'PHPSESSID' => 'l0qn5o4no8ejdv6fufsafotlku'
    '_csrf' => 'c6b8c15949a72bfd93a3167c2a60f4ba8ae04b3ed95c59d893ad781daa1c2281a:2:{i:0;s:5:\"_csrf\";i:1;s:32:\"IQub22GWRvWZN5-09EkqLvrDgPZiVIHO\";}'
]

$_SESSION = [
    '__flash' => []
    '__captcha/site/captcha' => 'xpcejux'
    '__captcha/site/captchacount' => 1
]

$_SERVER = [
    'USER' => 'www'
    'HOME' => '/home/www'
    'HTTP_UPGRADE_INSECURE_REQUESTS' => '1'
    'HTTP_CONNECTION' => 'keep-alive'
    'HTTP_COOKIE' => 'XSRF-TOKEN=eyJpdiI6IldqclZJdndFNEJ3NmFzWk9na3hJMkE9PSIsInZhbHVlIjoieFh1ZWZPMzJGbWVpZVwva25mR3RNWFQ2VnN0eU5mU3J3bHJSWXBHc2JJMGpKM3RlWTRjM1ZNdmlcL0JtTDlFaUlRSXNFOEhEMUJrK0hMbWpLRnJDQVFYZz09IiwibWFjIjoiOWZjYzU2YjYwZmJmOGRjMGJlYTQzZmViOGQ5NmJkOWI0OTI4Y2U3ZDdkMWIwOWVhMDk2MjM0Y2RkYzZhZGZjZSJ9; laravel_session=eyJpdiI6InFqeDFORldmbitwVGoxQTdsM1pNcFE9PSIsInZhbHVlIjoiZTI4MWIzWFN4aHVxSnozT24wcHh2bW9yWFEwSGl4N0UzV25LajRmSmpxRmlITGVoM0luUmlZMEtROHU2eTFWV0M4NDJBTittQzBlbzhVWkU3ckJEMWc9PSIsIm1hYyI6ImI5OTI2Y2Q2NDU2NjFjNTI4YjY2M2E2N2M4ODZhYzU4NThhNTI0YjQwM2IxNDJjZWEyYThmYjBiMDJjYzZhMDUifQ%3D%3D; PHPSESSID=l0qn5o4no8ejdv6fufsafotlku; _csrf=c6b8c15949a72bfd93a3167c2a60f4ba8ae04b3ed95c59d893ad781daa1c2281a%3A2%3A%7Bi%3A0%3Bs%3A5%3A%22_csrf%22%3Bi%3A1%3Bs%3A32%3A%22IQub22GWRvWZN5-09EkqLvrDgPZiVIHO%22%3B%7D'
    'HTTP_REFERER' => 'http://120.79.212.63:8093/index.php?r=site%2Fcontact'
    'HTTP_ACCEPT_ENCODING' => 'gzip, deflate'
    'HTTP_ACCEPT_LANGUAGE' => 'zh-CN,zh;q=0.8,zh-TW;q=0.7,zh-HK;q=0.5,en-US;q=0.3,en;q=0.2'
    'HTTP_ACCEPT' => 'text/html,application/xhtml+xml,application/xml;q=0.9,*/*;q=0.8'
    'HTTP_USER_AGENT' => 'Mozilla/5.0 (Windows NT 10.0; WOW64; rv:61.0) Gecko/20100101 Firefox/61.0'
    'HTTP_HOST' => '120.79.212.63:8093'
    'REDIRECT_STATUS' => '200'
    'SERVER_NAME' => '127.0.0.1'
    'SERVER_PORT' => '8093'
    'SERVER_ADDR' => '172.18.14.235'
    'REMOTE_PORT' => '50621'
    'REMOTE_ADDR' => '14.130.112.18'
    'SERVER_SOFTWARE' => 'nginx/1.13.5'
    'GATEWAY_INTERFACE' => 'CGI/1.1'
    'REQUEST_SCHEME' => 'http'
    'SERVER_PROTOCOL' => 'HTTP/1.1'
    'DOCUMENT_ROOT' => '/data/rent/web'
    'DOCUMENT_URI' => '/index.php'
    'REQUEST_URI' => '/index.php?r=site%2Flogin'
    'SCRIPT_NAME' => '/index.php'
    'CONTENT_LENGTH' => ''
    'CONTENT_TYPE' => ''
    'REQUEST_METHOD' => 'GET'
    'QUERY_STRING' => 'r=site%2Flogin'
    'SCRIPT_FILENAME' => '/data/rent/web/index.php'
    'FCGI_ROLE' => 'RESPONDER'
    'PHP_SELF' => '/index.php'
    'REQUEST_TIME_FLOAT' => 1530668063.6816
    'REQUEST_TIME' => 1530668063
]
2018-07-04 01:34:27 [14.130.112.18][-][-][warning][yii\debug\Module::checkAccess] Access to debugger is denied due to IP address restriction. The requesting IP address is 14.130.112.18
    in /data/rent/views/layouts/main.php:78
    in /data/rent/controllers/SiteController.php:64
2018-07-04 01:34:27 [14.130.112.18][-][-][warning][yii\debug\Module::checkAccess] Access to debugger is denied due to IP address restriction. The requesting IP address is 14.130.112.18
2018-07-04 01:34:27 [14.130.112.18][-][-][info][application] $_GET = []

$_POST = []

$_FILES = []

$_COOKIE = [
    'XSRF-TOKEN' => 'eyJpdiI6IldqclZJdndFNEJ3NmFzWk9na3hJMkE9PSIsInZhbHVlIjoieFh1ZWZPMzJGbWVpZVwva25mR3RNWFQ2VnN0eU5mU3J3bHJSWXBHc2JJMGpKM3RlWTRjM1ZNdmlcL0JtTDlFaUlRSXNFOEhEMUJrK0hMbWpLRnJDQVFYZz09IiwibWFjIjoiOWZjYzU2YjYwZmJmOGRjMGJlYTQzZmViOGQ5NmJkOWI0OTI4Y2U3ZDdkMWIwOWVhMDk2MjM0Y2RkYzZhZGZjZSJ9'
    'laravel_session' => 'eyJpdiI6InFqeDFORldmbitwVGoxQTdsM1pNcFE9PSIsInZhbHVlIjoiZTI4MWIzWFN4aHVxSnozT24wcHh2bW9yWFEwSGl4N0UzV25LajRmSmpxRmlITGVoM0luUmlZMEtROHU2eTFWV0M4NDJBTittQzBlbzhVWkU3ckJEMWc9PSIsIm1hYyI6ImI5OTI2Y2Q2NDU2NjFjNTI4YjY2M2E2N2M4ODZhYzU4NThhNTI0YjQwM2IxNDJjZWEyYThmYjBiMDJjYzZhMDUifQ=='
    'PHPSESSID' => 'l0qn5o4no8ejdv6fufsafotlku'
    '_csrf' => 'c6b8c15949a72bfd93a3167c2a60f4ba8ae04b3ed95c59d893ad781daa1c2281a:2:{i:0;s:5:\"_csrf\";i:1;s:32:\"IQub22GWRvWZN5-09EkqLvrDgPZiVIHO\";}'
]

$_SESSION = [
    '__flash' => []
    '__captcha/site/captcha' => 'xpcejux'
    '__captcha/site/captchacount' => 1
]

$_SERVER = [
    'USER' => 'www'
    'HOME' => '/home/www'
    'HTTP_UPGRADE_INSECURE_REQUESTS' => '1'
    'HTTP_CONNECTION' => 'keep-alive'
    'HTTP_COOKIE' => 'XSRF-TOKEN=eyJpdiI6IldqclZJdndFNEJ3NmFzWk9na3hJMkE9PSIsInZhbHVlIjoieFh1ZWZPMzJGbWVpZVwva25mR3RNWFQ2VnN0eU5mU3J3bHJSWXBHc2JJMGpKM3RlWTRjM1ZNdmlcL0JtTDlFaUlRSXNFOEhEMUJrK0hMbWpLRnJDQVFYZz09IiwibWFjIjoiOWZjYzU2YjYwZmJmOGRjMGJlYTQzZmViOGQ5NmJkOWI0OTI4Y2U3ZDdkMWIwOWVhMDk2MjM0Y2RkYzZhZGZjZSJ9; laravel_session=eyJpdiI6InFqeDFORldmbitwVGoxQTdsM1pNcFE9PSIsInZhbHVlIjoiZTI4MWIzWFN4aHVxSnozT24wcHh2bW9yWFEwSGl4N0UzV25LajRmSmpxRmlITGVoM0luUmlZMEtROHU2eTFWV0M4NDJBTittQzBlbzhVWkU3ckJEMWc9PSIsIm1hYyI6ImI5OTI2Y2Q2NDU2NjFjNTI4YjY2M2E2N2M4ODZhYzU4NThhNTI0YjQwM2IxNDJjZWEyYThmYjBiMDJjYzZhMDUifQ%3D%3D; PHPSESSID=l0qn5o4no8ejdv6fufsafotlku; _csrf=c6b8c15949a72bfd93a3167c2a60f4ba8ae04b3ed95c59d893ad781daa1c2281a%3A2%3A%7Bi%3A0%3Bs%3A5%3A%22_csrf%22%3Bi%3A1%3Bs%3A32%3A%22IQub22GWRvWZN5-09EkqLvrDgPZiVIHO%22%3B%7D'
    'HTTP_REFERER' => 'http://120.79.212.63:8093/index.php?r=site%2Flogin'
    'HTTP_ACCEPT_ENCODING' => 'gzip, deflate'
    'HTTP_ACCEPT_LANGUAGE' => 'zh-CN,zh;q=0.8,zh-TW;q=0.7,zh-HK;q=0.5,en-US;q=0.3,en;q=0.2'
    'HTTP_ACCEPT' => 'text/html,application/xhtml+xml,application/xml;q=0.9,*/*;q=0.8'
    'HTTP_USER_AGENT' => 'Mozilla/5.0 (Windows NT 10.0; WOW64; rv:61.0) Gecko/20100101 Firefox/61.0'
    'HTTP_HOST' => '120.79.212.63:8093'
    'REDIRECT_STATUS' => '200'
    'SERVER_NAME' => '127.0.0.1'
    'SERVER_PORT' => '8093'
    'SERVER_ADDR' => '172.18.14.235'
    'REMOTE_PORT' => '50621'
    'REMOTE_ADDR' => '14.130.112.18'
    'SERVER_SOFTWARE' => 'nginx/1.13.5'
    'GATEWAY_INTERFACE' => 'CGI/1.1'
    'REQUEST_SCHEME' => 'http'
    'SERVER_PROTOCOL' => 'HTTP/1.1'
    'DOCUMENT_ROOT' => '/data/rent/web'
    'DOCUMENT_URI' => '/index.php'
    'REQUEST_URI' => '/index.php'
    'SCRIPT_NAME' => '/index.php'
    'CONTENT_LENGTH' => ''
    'CONTENT_TYPE' => ''
    'REQUEST_METHOD' => 'GET'
    'QUERY_STRING' => ''
    'SCRIPT_FILENAME' => '/data/rent/web/index.php'
    'FCGI_ROLE' => 'RESPONDER'
    'PHP_SELF' => '/index.php'
    'REQUEST_TIME_FLOAT' => 1530668067.4062
    'REQUEST_TIME' => 1530668067
]
2018-07-04 01:40:06 [14.130.112.18][-][-][warning][yii\debug\Module::checkAccess] Access to debugger is denied due to IP address restriction. The requesting IP address is 14.130.112.18
    in /data/rent/views/layouts/main.php:78
    in /data/rent/controllers/SiteController.php:64
2018-07-04 01:40:06 [14.130.112.18][-][-][warning][yii\debug\Module::checkAccess] Access to debugger is denied due to IP address restriction. The requesting IP address is 14.130.112.18
2018-07-04 01:40:06 [14.130.112.18][-][-][info][application] $_GET = []

$_POST = []

$_FILES = []

$_COOKIE = [
    'XSRF-TOKEN' => 'eyJpdiI6IldqclZJdndFNEJ3NmFzWk9na3hJMkE9PSIsInZhbHVlIjoieFh1ZWZPMzJGbWVpZVwva25mR3RNWFQ2VnN0eU5mU3J3bHJSWXBHc2JJMGpKM3RlWTRjM1ZNdmlcL0JtTDlFaUlRSXNFOEhEMUJrK0hMbWpLRnJDQVFYZz09IiwibWFjIjoiOWZjYzU2YjYwZmJmOGRjMGJlYTQzZmViOGQ5NmJkOWI0OTI4Y2U3ZDdkMWIwOWVhMDk2MjM0Y2RkYzZhZGZjZSJ9'
    'laravel_session' => 'eyJpdiI6InFqeDFORldmbitwVGoxQTdsM1pNcFE9PSIsInZhbHVlIjoiZTI4MWIzWFN4aHVxSnozT24wcHh2bW9yWFEwSGl4N0UzV25LajRmSmpxRmlITGVoM0luUmlZMEtROHU2eTFWV0M4NDJBTittQzBlbzhVWkU3ckJEMWc9PSIsIm1hYyI6ImI5OTI2Y2Q2NDU2NjFjNTI4YjY2M2E2N2M4ODZhYzU4NThhNTI0YjQwM2IxNDJjZWEyYThmYjBiMDJjYzZhMDUifQ=='
    'PHPSESSID' => 'l0qn5o4no8ejdv6fufsafotlku'
    '_csrf' => 'c6b8c15949a72bfd93a3167c2a60f4ba8ae04b3ed95c59d893ad781daa1c2281a:2:{i:0;s:5:\"_csrf\";i:1;s:32:\"IQub22GWRvWZN5-09EkqLvrDgPZiVIHO\";}'
]

$_SESSION = [
    '__flash' => []
    '__captcha/site/captcha' => 'xpcejux'
    '__captcha/site/captchacount' => 1
]

$_SERVER = [
    'USER' => 'www'
    'HOME' => '/home/www'
    'HTTP_UPGRADE_INSECURE_REQUESTS' => '1'
    'HTTP_CONNECTION' => 'keep-alive'
    'HTTP_COOKIE' => 'XSRF-TOKEN=eyJpdiI6IldqclZJdndFNEJ3NmFzWk9na3hJMkE9PSIsInZhbHVlIjoieFh1ZWZPMzJGbWVpZVwva25mR3RNWFQ2VnN0eU5mU3J3bHJSWXBHc2JJMGpKM3RlWTRjM1ZNdmlcL0JtTDlFaUlRSXNFOEhEMUJrK0hMbWpLRnJDQVFYZz09IiwibWFjIjoiOWZjYzU2YjYwZmJmOGRjMGJlYTQzZmViOGQ5NmJkOWI0OTI4Y2U3ZDdkMWIwOWVhMDk2MjM0Y2RkYzZhZGZjZSJ9; laravel_session=eyJpdiI6InFqeDFORldmbitwVGoxQTdsM1pNcFE9PSIsInZhbHVlIjoiZTI4MWIzWFN4aHVxSnozT24wcHh2bW9yWFEwSGl4N0UzV25LajRmSmpxRmlITGVoM0luUmlZMEtROHU2eTFWV0M4NDJBTittQzBlbzhVWkU3ckJEMWc9PSIsIm1hYyI6ImI5OTI2Y2Q2NDU2NjFjNTI4YjY2M2E2N2M4ODZhYzU4NThhNTI0YjQwM2IxNDJjZWEyYThmYjBiMDJjYzZhMDUifQ%3D%3D; PHPSESSID=l0qn5o4no8ejdv6fufsafotlku; _csrf=c6b8c15949a72bfd93a3167c2a60f4ba8ae04b3ed95c59d893ad781daa1c2281a%3A2%3A%7Bi%3A0%3Bs%3A5%3A%22_csrf%22%3Bi%3A1%3Bs%3A32%3A%22IQub22GWRvWZN5-09EkqLvrDgPZiVIHO%22%3B%7D'
    'HTTP_REFERER' => 'http://120.79.212.63:8093/index.php?r=site%2Flogin'
    'HTTP_ACCEPT_ENCODING' => 'gzip, deflate'
    'HTTP_ACCEPT_LANGUAGE' => 'zh-CN,zh;q=0.8,zh-TW;q=0.7,zh-HK;q=0.5,en-US;q=0.3,en;q=0.2'
    'HTTP_ACCEPT' => 'text/html,application/xhtml+xml,application/xml;q=0.9,*/*;q=0.8'
    'HTTP_USER_AGENT' => 'Mozilla/5.0 (Windows NT 10.0; WOW64; rv:61.0) Gecko/20100101 Firefox/61.0'
    'HTTP_HOST' => '120.79.212.63:8093'
    'REDIRECT_STATUS' => '200'
    'SERVER_NAME' => '127.0.0.1'
    'SERVER_PORT' => '8093'
    'SERVER_ADDR' => '172.18.14.235'
    'REMOTE_PORT' => '51026'
    'REMOTE_ADDR' => '14.130.112.18'
    'SERVER_SOFTWARE' => 'nginx/1.13.5'
    'GATEWAY_INTERFACE' => 'CGI/1.1'
    'REQUEST_SCHEME' => 'http'
    'SERVER_PROTOCOL' => 'HTTP/1.1'
    'DOCUMENT_ROOT' => '/data/rent/web'
    'DOCUMENT_URI' => '/index.php'
    'REQUEST_URI' => '/index.php'
    'SCRIPT_NAME' => '/index.php'
    'CONTENT_LENGTH' => ''
    'CONTENT_TYPE' => ''
    'REQUEST_METHOD' => 'GET'
    'QUERY_STRING' => ''
    'SCRIPT_FILENAME' => '/data/rent/web/index.php'
    'FCGI_ROLE' => 'RESPONDER'
    'PHP_SELF' => '/index.php'
    'REQUEST_TIME_FLOAT' => 1530668406.5405
    'REQUEST_TIME' => 1530668406
]
2018-07-04 01:49:07 [106.120.160.114][-][-][warning][yii\debug\Module::checkAccess] Access to debugger is denied due to IP address restriction. The requesting IP address is 106.120.160.114
    in /data/rent/views/layouts/main.php:78
    in /data/rent/controllers/SiteController.php:64
2018-07-04 01:49:07 [106.120.160.114][-][-][warning][yii\debug\Module::checkAccess] Access to debugger is denied due to IP address restriction. The requesting IP address is 106.120.160.114
2018-07-04 01:49:07 [106.120.160.114][-][-][info][application] $_GET = []

$_POST = []

$_FILES = []

$_COOKIE = []

$_SESSION = [
    '__flash' => []
]

$_SERVER = [
    'USER' => 'www'
    'HOME' => '/home/www'
    'HTTP_USER_AGENT' => 'Mozilla/4.0 (compatible; MSIE 8.0; Windows NT 6.1; Trident/4.0; SLCC2; .NET CLR 2.0.50727; .NET CLR 3.5.30729; .NET CLR 3.0.30729; Media Center PC 6.0; Tablet PC 2.0)'
    'HTTP_CONNECTION' => 'close'
    'HTTP_ACCEPT_LANGUAGE' => 'zh-CN,zh;q=0.8'
    'HTTP_HOST' => '120.79.212.63'
    'HTTP_REFERER' => 'http://120.79.212.63:8093/index.php'
    'HTTP_ACCEPT_ENCODING' => 'identity'
    'REDIRECT_STATUS' => '200'
    'SERVER_NAME' => '127.0.0.1'
    'SERVER_PORT' => '8093'
    'SERVER_ADDR' => '172.18.14.235'
    'REMOTE_PORT' => '49428'
    'REMOTE_ADDR' => '106.120.160.114'
    'SERVER_SOFTWARE' => 'nginx/1.13.5'
    'GATEWAY_INTERFACE' => 'CGI/1.1'
    'REQUEST_SCHEME' => 'http'
    'SERVER_PROTOCOL' => 'HTTP/1.1'
    'DOCUMENT_ROOT' => '/data/rent/web'
    'DOCUMENT_URI' => '/index.php'
    'REQUEST_URI' => '/index.php'
    'SCRIPT_NAME' => '/index.php'
    'CONTENT_LENGTH' => ''
    'CONTENT_TYPE' => ''
    'REQUEST_METHOD' => 'GET'
    'QUERY_STRING' => ''
    'SCRIPT_FILENAME' => '/data/rent/web/index.php'
    'FCGI_ROLE' => 'RESPONDER'
    'PHP_SELF' => '/index.php'
    'REQUEST_TIME_FLOAT' => 1530668947.2403
    'REQUEST_TIME' => 1530668947
]
2018-07-04 01:55:34 [42.236.10.84][-][-][warning][yii\debug\Module::checkAccess] Access to debugger is denied due to IP address restriction. The requesting IP address is 42.236.10.84
    in /data/rent/views/layouts/main.php:78
    in /data/rent/controllers/SiteController.php:64
2018-07-04 01:55:34 [42.236.10.84][-][-][warning][yii\debug\Module::checkAccess] Access to debugger is denied due to IP address restriction. The requesting IP address is 42.236.10.84
2018-07-04 01:55:34 [42.236.10.84][-][-][info][application] $_GET = []

$_POST = []

$_FILES = []

$_COOKIE = []

$_SESSION = [
    '__flash' => []
]

$_SERVER = [
    'USER' => 'www'
    'HOME' => '/home/www'
    'HTTP_ACCEPT_ENCODING' => 'gzip, deflate'
    'HTTP_ACCEPT' => 'text/html,application/xhtml+xml,application/xml;q=0.9,image/webp,image/apng,*/*;q=0.8'
    'HTTP_USER_AGENT' => 'Mozilla/5.0 (Windows NT 6.1) AppleWebKit/537.36 (KHTML, like Gecko) Chrome/36.0.1985.125 Safari/537.36'
    'HTTP_UPGRADE_INSECURE_REQUESTS' => '1'
    'HTTP_CONNECTION' => 'keep-alive'
    'HTTP_HOST' => '120.79.212.63:8093'
    'REDIRECT_STATUS' => '200'
    'SERVER_NAME' => '127.0.0.1'
    'SERVER_PORT' => '8093'
    'SERVER_ADDR' => '172.18.14.235'
    'REMOTE_PORT' => '57617'
    'REMOTE_ADDR' => '42.236.10.84'
    'SERVER_SOFTWARE' => 'nginx/1.13.5'
    'GATEWAY_INTERFACE' => 'CGI/1.1'
    'REQUEST_SCHEME' => 'http'
    'SERVER_PROTOCOL' => 'HTTP/1.1'
    'DOCUMENT_ROOT' => '/data/rent/web'
    'DOCUMENT_URI' => '/index.php'
    'REQUEST_URI' => '/'
    'SCRIPT_NAME' => '/index.php'
    'CONTENT_LENGTH' => ''
    'CONTENT_TYPE' => ''
    'REQUEST_METHOD' => 'GET'
    'QUERY_STRING' => ''
    'SCRIPT_FILENAME' => '/data/rent/web/index.php'
    'FCGI_ROLE' => 'RESPONDER'
    'PHP_SELF' => '/index.php'
    'REQUEST_TIME_FLOAT' => 1530669334.3404
    'REQUEST_TIME' => 1530669334
]
2018-07-04 01:56:05 [210.209.93.167][-][-][warning][yii\debug\Module::checkAccess] Access to debugger is denied due to IP address restriction. The requesting IP address is 210.209.93.167
    in /data/rent/views/layouts/main.php:78
    in /data/rent/controllers/SiteController.php:64
2018-07-04 01:56:05 [210.209.93.167][-][-][warning][yii\debug\Module::checkAccess] Access to debugger is denied due to IP address restriction. The requesting IP address is 210.209.93.167
2018-07-04 01:56:05 [210.209.93.167][-][-][info][application] $_GET = []

$_POST = []

$_FILES = []

$_COOKIE = []

$_SESSION = [
    '__flash' => []
]

$_SERVER = [
    'USER' => 'www'
    'HOME' => '/home/www'
    'HTTP_CONNECTION' => 'keep-alive'
    'HTTP_CACHE_CONTROL' => 'max-age=259200'
    'HTTP_ACCEPT_ENCODING' => 'gzip, deflate'
    'HTTP_ACCEPT' => 'text/html,application/xhtml+xml,application/xml;q=0.9,image/webp,image/apng,*/*;q=0.8'
    'HTTP_USER_AGENT' => 'Mozilla/5.0 (Windows NT 6.1) AppleWebKit/537.36 (KHTML, like Gecko) Chrome/36.0.1985.125 Safari/537.36'
    'HTTP_UPGRADE_INSECURE_REQUESTS' => '1'
    'HTTP_HOST' => '120.79.212.63:8093'
    'REDIRECT_STATUS' => '200'
    'SERVER_NAME' => '127.0.0.1'
    'SERVER_PORT' => '8093'
    'SERVER_ADDR' => '172.18.14.235'
    'REMOTE_PORT' => '36667'
    'REMOTE_ADDR' => '210.209.93.167'
    'SERVER_SOFTWARE' => 'nginx/1.13.5'
    'GATEWAY_INTERFACE' => 'CGI/1.1'
    'REQUEST_SCHEME' => 'http'
    'SERVER_PROTOCOL' => 'HTTP/1.1'
    'DOCUMENT_ROOT' => '/data/rent/web'
    'DOCUMENT_URI' => '/index.php'
    'REQUEST_URI' => '/'
    'SCRIPT_NAME' => '/index.php'
    'CONTENT_LENGTH' => ''
    'CONTENT_TYPE' => ''
    'REQUEST_METHOD' => 'GET'
    'QUERY_STRING' => ''
    'SCRIPT_FILENAME' => '/data/rent/web/index.php'
    'FCGI_ROLE' => 'RESPONDER'
    'PHP_SELF' => '/index.php'
    'REQUEST_TIME_FLOAT' => 1530669365.5623
    'REQUEST_TIME' => 1530669365
]
